#
# A fatal error has been detected by the Java Runtime Environment:
#
#  EXCEPTION_ACCESS_VIOLATION (0xc0000005) at pc=0x00007fff9640f011, pid=14184, tid=20136
#
# JRE version: Java(TM) SE Runtime Environment (25.0.1+8) (build 25.0.1+8-LTS-27)
# Java VM: Java HotSpot(TM) 64-Bit Server VM (25.0.1+8-LTS-27, mixed mode, sharing, tiered, compressed oops, compressed class ptrs, g1 gc, windows-amd64)
# Problematic frame:
# C  [awt.dll+0xdf011]
#
# No core dump will be written. Minidumps are not enabled by default on client versions of Windows
#
# If you would like to submit a bug report, please visit:
#   https://bugreport.java.com/bugreport/crash.jsp
# The crash happened outside the Java Virtual Machine in native code.
# See problematic frame for where to report the bug.
#

---------------  S U M M A R Y ------------

Command Line: HardwareSimulatorMain

Host: Intel(R) Core(TM) i5-1035G1 CPU @ 1.00GHz, 8 cores, 7G,  Windows 11 , 64 bit Build 26100 (10.0.26100.4768)
Time: Tue Oct 28 17:00:36 2025 Jerusalem Standard Time elapsed time: 3415.464929 seconds (0d 0h 56m 55s)

---------------  T H R E A D  ---------------

Current thread (0x000001b3452a50d0):  JavaThread "AWT-Windows" daemon [_thread_in_native, id=20136, stack(0x000000054b900000,0x000000054ba00000) (1024K)]

Stack: [0x000000054b900000,0x000000054ba00000],  sp=0x000000054b9febf0,  free space=1018k
Native frames: (J=compiled Java code, j=interpreted, Vv=VM code, C=native code)
C  [awt.dll+0xdf011]  (no source info available)
C  [awt.dll+0x98b2c]  (no source info available)
C  [awt.dll+0x98bd6]  (no source info available)
C  [awt.dll+0x95f59]  (no source info available)
C  [awt.dll+0xe373b]  (no source info available)
C  [awt.dll+0xb2e4d]  (no source info available)
C  [awt.dll+0x99110]  (no source info available)
C  [USER32.dll+0x181d6]  (no source info available)
C  [USER32.dll+0x17c9c]  (no source info available)
C  [awt.dll+0x16613]  (no source info available)
C  [COMCTL32.dll+0x23a08]  (no source info available)
C  [COMCTL32.dll+0x237df]  (no source info available)
C  [USER32.dll+0x181d6]  (no source info available)
C  [USER32.dll+0x15d2d]  (no source info available)
C  [awt.dll+0xd839e]  (no source info available)
C  [awt.dll+0xda2c2]  (no source info available)
C  0x000001b33317d293  (no source info available)

The last pc belongs to native method entry point (kind = native) (printed below).
Java frames: (J=compiled Java code, j=interpreted, Vv=VM code)
j  sun.awt.windows.WToolkit.eventLoop()V+0 java.desktop@25.0.1
j  sun.awt.windows.WToolkit.run()V+56 java.desktop@25.0.1
j  java.lang.Thread.runWith(Ljava/lang/Object;Ljava/lang/Runnable;)V+5 java.base@25.0.1
j  java.lang.Thread.run()V+19 java.base@25.0.1
v  ~StubRoutines::call_stub 0x000001b3331712ed

siginfo: EXCEPTION_ACCESS_VIOLATION (0xc0000005), reading address 0x0000000000000008


Registers:
RAX=0x0000000000000000, RBX=0x000001b345303a60, RCX=0x0000000000000000, RDX=0x0000000000000000
RSP=0x000000054b9febf0, RBP=0x000000054b9fed09, RSI=0x000000001b010f50, RDI=0x0000000000000000
R8 =0x0000000000000001, R9 =0x000000054a1c5000, R10=0x0000000000000000, R11=0x0000000000000246
R12=0x0000000000000000, R13=0x0000000000000001, R14=0x000001b348189de0, R15=0x0000000000000000
RIP=0x00007fff9640f011, EFLAGS=0x0000000000010246

XMM[0]=0x0000000000000000 0x0000000000000000
XMM[1]=0x0000000000000000 0x0000000000000000
XMM[2]=0x0000000000000000 0x0000000000000000
XMM[3]=0x0000000000000000 0x0000000000000000
XMM[4]=0x0000000000000000 0x0000000000000000
XMM[5]=0x0000000000000000 0x0000000000000000
XMM[6]=0x0000000000000000 0x0000000000000000
XMM[7]=0x0000000000000000 0x0000000000000000
XMM[8]=0x0000000000000000 0x0000000000000000
XMM[9]=0x0000000000000000 0x0000000000000000
XMM[10]=0x0000000000000000 0x0000000000000000
XMM[11]=0x0000000000000000 0x0000000000000000
XMM[12]=0x0000000000000000 0x0000000000000000
XMM[13]=0x0000000000000000 0x0000000000000000
XMM[14]=0x0000000000000000 0x0000000000000000
XMM[15]=0x0000000000000000 0x0000000000000000
  MXCSR=0x00001fa0


Register to memory mapping:

RAX=0x0 is null
RBX=0x000001b345303a60 points into unknown readable memory: 0x000001b34530c3a0 | a0 c3 30 45 b3 01 00 00
RCX=0x0 is null
RDX=0x0 is null
RSP=0x000000054b9febf0 is pointing into the stack for thread: 0x000001b3452a50d0
RBP=0x000000054b9fed09 is pointing into the stack for thread: 0x000001b3452a50d0
RSI=0x000000001b010f50 is pointing into metadata
RDI=0x0 is null
R8 =0x0000000000000001 is an unknown value
R9 =0x000000054a1c5000 points into unknown readable memory: 0x0000000000000000 | 00 00 00 00 00 00 00 00
R10=0x0 is null
R11=0x0000000000000246 is an unknown value
R12=0x0 is null
R13=0x0000000000000001 is an unknown value
R14=0x000001b348189de0 points into unknown readable memory: 0x00007fff9643e8e0 | e0 e8 43 96 ff 7f 00 00
R15=0x0 is null

Top of Stack: (sp=0x000000054b9febf0)
0x000000054b9febf0:   00007fff9646c838 000000001b010f50   8.F.....P.......
0x000000054b9fec00:   000001b348189de0 000001b3452a5518   ...H.....U*E....
0x000000054b9fec10:   0000000000000000 00007fff963c8b2c   ........,.<.....
0x000000054b9fec20:   000000001b010f50 000001b348189de0   P..........H....
0x000000054b9fec30:   000001b345303a60 00007fff96346613   `:0E.....f4.....
0x000000054b9fec40:   000001b3452a5518 00007fff963c8bd6   .U*E......<.....
0x000000054b9fec50:   000001b348189e80 0000000000000001   ...H............
0x000000054b9fec60:   0000000000000000 000000054b9fee60   ........`..K....
0x000000054b9fec70:   000001b3452a5518 00007fff963c5f59   .U*E....Y_<.....
0x000000054b9fec80:   000001b348189e80 000000054b9fed64   ...H....d..K....
0x000000054b9fec90:   0000000000000000 00007fff50776a72   ........rjwP....
0x000000054b9feca0:   00007fff963c90b0 00007fffc6dec8ae   ..<.............
0x000000054b9fecb0:   0000000000000000 00007fffc4bb18e9   ................
0x000000054b9fecc0:   0000000500000310 0000000000000000   ................
0x000000054b9fecd0:   000000054b9fed64 0000000000000000   d..K............
0x000000054b9fece0:   0000000000000000 0000000000000000   ................
0x000000054b9fecf0:   000001b348189e80 000001b3452a5518   ...H.....U*E....
0x000000054b9fed00:   0000000000000000 0000000000000000   ................
0x000000054b9fed10:   00004120ff2d967d 0000000000000000   }.-. A..........
0x000000054b9fed20:   0000000000000000 0000000000000000   ................
0x000000054b9fed30:   0000000000000000 0000000000000000   ................
0x000000054b9fed40:   0000000000000000 0000000000000310   ................
0x000000054b9fed50:   0000000000000000 000001b348189de0   ...........H....
0x000000054b9fed60:   000001b348189de0 00007fff9641373b   ...H....;7A.....
0x000000054b9fed70:   0000000000000000 000070c5d36f8dfe   ..........o..p..
0x000000054b9fed80:   000062f6c483421d 0000000000000022   .B...b..".......
0x000000054b9fed90:   000000000000c24b 0000000000000000   K...............
0x000000054b9feda0:   0000000000000000 00007fffc4b883a9   ................
0x000000054b9fedb0:   0000000000000000 0000000000000001   ................
0x000000054b9fedc0:   0000000000000022 00007fffc6e5314f   ".......O1......
0x000000054b9fedd0:   00000000000702cc 00007fffc4b8968a   ................
0x000000054b9fede0:   ffffffffffffffeb 00004120ff2d978d   ..........-. A..

Instructions: (pc=0x00007fff9640f011)
  0x00007fff9640ef11:   83 ec 28 66 0f 6e c2 0f 5b c0 f3 0f 59 41 48 0f
  0x00007fff9640ef21:   5a c8 f2 0f 10 05 cd 3c 03 00 f2 0f 5c 0d 05 3d
  0x00007fff9640ef31:   01 00 66 0f 2f c1 76 0a b8 00 00 00 80 48 83 c4
  0x00007fff9640ef41:   28 c3 66 0f 2f 0d 75 86 02 00 76 0a b8 ff ff ff
  0x00007fff9640ef51:   7f 48 83 c4 28 c3 0f 28 c1 e8 5b 07 01 00 f2 0f
  0x00007fff9640ef61:   2c c0 48 83 c4 28 c3 cc cc cc cc cc cc cc cc 48
  0x00007fff9640ef71:   83 ec 28 66 0f 6e c2 0f 5b c0 f3 0f 59 41 4c 0f
  0x00007fff9640ef81:   5a c8 f2 0f 10 05 6d 3c 03 00 f2 0f 5c 0d a5 3c
  0x00007fff9640ef91:   01 00 66 0f 2f c1 76 0a b8 00 00 00 80 48 83 c4
  0x00007fff9640efa1:   28 c3 66 0f 2f 0d 15 86 02 00 76 0a b8 ff ff ff
  0x00007fff9640efb1:   7f 48 83 c4 28 c3 0f 28 c1 e8 fb 06 01 00 f2 0f
  0x00007fff9640efc1:   2c c0 48 83 c4 28 c3 cc cc cc cc cc cc cc cc 48
  0x00007fff9640efd1:   8b 49 08 48 85 c9 0f 85 63 78 fe ff 33 c0 c3 48
  0x00007fff9640efe1:   89 5c 24 08 48 89 74 24 10 57 48 83 ec 20 8b fa
  0x00007fff9640eff1:   48 8b f1 e8 b7 93 f4 ff 48 8b d8 48 89 44 24 40
  0x00007fff9640f001:   41 b8 01 00 00 00 8b d7 48 8b c8 e8 0f 93 f4 ff
=>0x00007fff9640f011:   48 8b 48 08 48 85 c9 74 0d 48 8b d6 e8 1e 78 fe
  0x00007fff9640f021:   ff 48 8b f8 eb 02 33 ff 48 8b cb e8 3f 95 f4 ff
  0x00007fff9640f031:   90 48 8b c7 48 8b 5c 24 30 48 8b 74 24 38 48 83
  0x00007fff9640f041:   c4 20 5f c3 cc cc cc cc cc cc cc cc cc cc cc 48
  0x00007fff9640f051:   8b 01 89 10 c3 cc cc cc cc cc cc cc cc cc cc 40
  0x00007fff9640f061:   57 48 83 ec 40 48 83 79 38 00 48 8b f9 0f 84 b9
  0x00007fff9640f071:   01 00 00 48 8b 0d 85 9e 06 00 ba 02 00 01 00 48
  0x00007fff9640f081:   89 5c 24 58 48 89 74 24 68 e8 d0 ce 00 00 4c 8b
  0x00007fff9640f091:   05 b2 a3 06 00 48 8b c8 48 8b 57 38 48 8b d8 4c
  0x00007fff9640f0a1:   8b 08 4d 8b 91 f8 02 00 00 41 ff d2 48 8b f0 48
  0x00007fff9640f0b1:   85 c0 0f 84 6a 01 00 00 48 8b 0b 48 8b d0 4c 8b
  0x00007fff9640f0c1:   05 72 a3 06 00 4c 8b 89 00 01 00 00 48 8b cb 41
  0x00007fff9640f0d1:   ff d1 84 c0 0f 84 48 01 00 00 48 8b 03 48 8b d6
  0x00007fff9640f0e1:   48 8b 7f 08 48 8b cb 4c 8b 05 61 a3 06 00 48 81
  0x00007fff9640f0f1:   c7 00 04 00 00 48 89 6c 24 60 4c 8b 88 f8 02 00
  0x00007fff9640f101:   00 4c 89 64 24 38 41 ff d1 48 8b 0b 48 8b d6 4c


Stack slot to memory mapping:

stack at sp + 0 slots: 0x00007fff9646c838 awt.dll
stack at sp + 1 slots: 0x000000001b010f50 is pointing into metadata
stack at sp + 2 slots: 0x000001b348189de0 points into unknown readable memory: 0x00007fff9643e8e0 | e0 e8 43 96 ff 7f 00 00
stack at sp + 3 slots: 0x000001b3452a5518 points into unknown readable memory: 0x00007fff50cb6b50 | 50 6b cb 50 ff 7f 00 00
stack at sp + 4 slots: 0x0 is null
stack at sp + 5 slots: 0x00007fff963c8b2c awt.dll
stack at sp + 6 slots: 0x000000001b010f50 is pointing into metadata
stack at sp + 7 slots: 0x000001b348189de0 points into unknown readable memory: 0x00007fff9643e8e0 | e0 e8 43 96 ff 7f 00 00

Lock stack of current Java thread (top to bottom):

native method entry point (kind = native)  [0x000001b33317cec0, 0x000001b33317dac0]  3072 bytes
[MachCode]
  0x000001b33317cec0: 488b 4b08 | 0fb7 492e | 584c 8d74 | ccf8 6800 | 0000 0068 | 0000 0000 | 5055 488b | ec41 5548 
  0x000001b33317cee0: 8b43 084c | 8d68 3848 | 8b40 0868 | 0000 0000 | 5348 8b50 | 1848 8b52 | 7048 8b12 | 5248 8b53 
  0x000001b33317cf00: 1048 85d2 | 7407 4881 | c2d0 0000 | 0052 488b | 5010 5249 | 8bc6 482b | c548 c1e8 | 0350 6800 
  0x000001b33317cf20: 0000 0068 | f7ff ffff | 41c6 87f1 | 0400 0001 | 488b 4310 | 4885 c074 | 208b 8890 | 0000 0083 
  0x000001b33317cf40: c102 8988 | 9000 0000 | 2388 a400 | 0000 0f84 | b80a 0000 | e9cf 0000 | 0048 8b43 | 1848 85c0 
  0x000001b33317cf60: 0f85 b000 | 0000 e805 | 0000 00e9 | 9900 0000 | 488b d348 | 8d44 2408 | 4c89 6dc0 | 498b cfc5 
  0x000001b33317cf80: f877 4989 | af38 0400 | 0049 8987 | 2804 0000 | 4883 ec20 | 40f6 c40f | 0f84 1900 | 0000 4883 
  0x000001b33317cfa0: ec08 48b8 | 401f 4450 | ff7f 0000 | ffd0 4883 | c408 e90c | 0000 0048 | b840 1f44 | 50ff 7f00 
  0x000001b33317cfc0: 00ff d048 | 83c4 2049 | c787 2804 | 0000 0000 | 0000 49c7 | 8738 0400 | 0000 0000 | 0049 c787 
  0x000001b33317cfe0: 3004 0000 | 0000 0000 | c5f8 7749 | 837f 0800 | 0f84 0500 | 0000 e9e5 | 41ff ff4c | 8b6d c04c 
  0x000001b33317d000: 8b75 c84e | 8d74 f500 | c348 8b43 | 1848 85c0 | 0f84 1200 | 0000 8b48 | 0883 c102 | 8948 0823 
  0x000001b33317d020: 482c 0f84 | e409 0000 | 493b a770 | 0500 000f | 8748 0000 | 0089 8424 | 00f0 ffff | 8984 2400 
  0x000001b33317d040: e0ff ff89 | 8424 00d0 | ffff 8984 | 2400 c0ff | ff89 8424 | 00b0 ffff | 8984 2400 | a0ff ff89 
  0x000001b33317d060: 8424 0090 | ffff 8984 | 2400 80ff | ff49 3ba7 | 6805 0000 | 7607 4989 | a770 0500 | 0041 c687 
  0x000001b33317d080: f104 0000 | 0048 8b5d | e84c 8b5b | 0845 0fb7 | 5b2e 41c1 | e303 492b | e348 83ec | 2048 83e4 
  0x000001b33317d0a0: f04c 8b5b | 604d 85db | 0f85 ab00 | 0000 e805 | 0000 00e9 | 9900 0000 | 488b d348 | 8d44 2408 
  0x000001b33317d0c0: 4c89 6dc0 | 498b cfc5 | f877 4989 | af38 0400 | 0049 8987 | 2804 0000 | 4883 ec20 | 40f6 c40f 
  0x000001b33317d0e0: 0f84 1900 | 0000 4883 | ec08 48b8 | 7048 4450 | ff7f 0000 | ffd0 4883 | c408 e90c | 0000 0048 
  0x000001b33317d100: b870 4844 | 50ff 7f00 | 00ff d048 | 83c4 2049 | c787 2804 | 0000 0000 | 0000 49c7 | 8738 0400 
  0x000001b33317d120: 0000 0000 | 0049 c787 | 3004 0000 | 0000 0000 | c5f8 7749 | 837f 0800 | 0f84 0500 | 0000 e99d 
  0x000001b33317d140: 40ff ff4c | 8b6d c04c | 8b75 c84e | 8d74 f500 | c348 8b5d | e84c 8b5b | 6041 ffd3 | 488b 5de8 
  0x000001b33317d160: 4889 4518 | 440f b75b | 2c41 f6c3 | 080f 841b | 0000 004c | 8b5b 084d | 8b5b 084d | 8b5b 184d 
  0x000001b33317d180: 8b5b 704d | 8b1b 4c89 | 5d10 488d | 5510 488b | 4358 49ba | a00f 7f50 | ff7f 0000 | 493b c20f 
  0x000001b33317d1a0: 85ab 0000 | 00e8 0500 | 0000 e999 | 0000 0048 | 8bd3 488d | 4424 084c | 896d c049 | 8bcf c5f8 
  0x000001b33317d1c0: 7749 89af | 3804 0000 | 4989 8728 | 0400 0048 | 83ec 2040 | f6c4 0f0f | 8419 0000 | 0048 83ec 
  0x000001b33317d1e0: 0848 b870 | 4844 50ff | 7f00 00ff | d048 83c4 | 08e9 0c00 | 0000 48b8 | 7048 4450 | ff7f 0000 
  0x000001b33317d200: ffd0 4883 | c420 49c7 | 8728 0400 | 0000 0000 | 0049 c787 | 3804 0000 | 0000 0000 | 49c7 8730 
  0x000001b33317d220: 0400 0000 | 0000 00c5 | f877 4983 | 7f08 000f | 8405 0000 | 00e9 a63f | ffff 4c8b | 6dc0 4c8b 
  0x000001b33317d240: 75c8 4e8d | 74f5 00c3 | 488b 5de8 | 488b 4358 | 498d 8f48 | 0400 004c | 8d15 d500 | 0000 4d89 
  0x000001b33317d260: 9730 0400 | 00c5 f877 | 4989 af38 | 0400 0049 | 89a7 2804 | 0000 41c7 | 87d4 0400 | 0004 0000 
  0x000001b33317d280: 0049 3ba7 | c805 0000 | 7607 4989 | a7c8 0500 | 00ff d049 | 3ba7 c805 | 0000 720b | 49c7 87c8 
  0x000001b33317d2a0: 0500 0000 | 0000 00c5 | f877 4883 | ec10 c5fb | 1104 2448 | 83ec 1048 | 8904 2448 | c744 2408 
  0x000001b33317d2c0: 0000 0000 | 41c7 87d4 | 0400 0005 | 0000 00f0 | 8344 24c0 | 0049 3b6f | 280f 870e | 0000 0041 
  0x000001b33317d2e0: 83bf d004 | 0000 000f | 8420 0000 | 0049 8bcf | 4c8b e448 | 83ec 2048 | 83e4 f048 | b8a0 ac45 
  0x000001b33317d300: 50ff 7f00 | 00ff d049 | 8be4 4d33 | e441 c787 | d404 0000 | 0800 0000 | 4d8b 97f0 | 0500 0049 
  0x000001b33317d320: 83fa 0074 | 3549 c787 | f005 0000 | 0000 0000 | 41ff e249 | ba60 be17 | 33b3 0100 | 0041 ffd2 
  0x000001b33317d340: 4883 ec10 | c5fb 1104 | 2448 83ec | 1048 8904 | 2448 c744 | 2408 0000 | 0000 49c7 | 8728 0400 
  0x000001b33317d360: 0000 0000 | 0049 c787 | 3804 0000 | 0000 0000 | 49c7 8730 | 0400 0000 | 0000 00c5 | f877 4d8b 
  0x000001b33317d380: 9fb8 0400 | 0041 c783 | 0001 0000 | 0000 0000 | 49bb 5aa7 | 1733 b301 | 0000 4c3b | 5d18 0f85 
  0x000001b33317d3a0: 5b02 0000 | 488b 0424 | 4883 c410 | 4885 c00f | 8435 0200 | 00a8 030f | 8508 0000 | 0048 8b00 
  0x000001b33317d3c0: e925 0200 | 00a8 010f | 8509 0000 | 0048 8b40 | fee9 1402 | 0000 488b | 40ff 4180 | 7f48 000f 
  0x000001b33317d3e0: 8405 0200 | 0048 83f8 | 000f 84fb | 0100 004d | 8b5f 384d | 85db 0f84 | 1400 0000 | 4983 eb08 
  0x000001b33317d400: 4d89 5f38 | 4d03 5f40 | 4989 03e9 | da01 0000 | 4881 ecf0 | 0000 0048 | 8904 2448 | 894c 2408 
  0x000001b33317d420: 4889 5424 | 104c 8944 | 2418 4c89 | 4c24 204c | 8954 2428 | 4c89 5c24 | 30c5 fb11 | 4424 40c5 
  0x000001b33317d440: fb11 4c24 | 48c5 fb11 | 5424 50c5 | fb11 5c24 | 58c5 fb11 | 6424 60c5 | fb11 6c24 | 6862 e1ff 
  0x000001b33317d460: 0811 4424 | 0e62 e1ff | 0811 4c24 | 0f62 e1ff | 0811 5424 | 1062 e1ff | 0811 5c24 | 1162 e1ff 
  0x000001b33317d480: 0811 6424 | 1262 e1ff | 0811 6c24 | 1362 e1ff | 0811 7424 | 1462 e1ff | 0811 7c24 | 1562 61ff 
  0x000001b33317d4a0: 0811 4424 | 1662 61ff | 0811 4c24 | 1762 61ff | 0811 5424 | 1862 61ff | 0811 5c24 | 1962 61ff 
  0x000001b33317d4c0: 0811 6424 | 1a62 61ff | 0811 6c24 | 1b62 61ff | 0811 7424 | 1c62 61ff | 0811 7c24 | 1d49 8bd7 
  0x000001b33317d4e0: 488b c848 | 83ec 2040 | f6c4 0f0f | 8419 0000 | 0048 83ec | 0848 b820 | 7638 50ff | 7f00 00ff 
  0x000001b33317d500: d048 83c4 | 08e9 0c00 | 0000 48b8 | 2076 3850 | ff7f 0000 | ffd0 4883 | c420 6261 | ff08 107c 
  0x000001b33317d520: 241d 6261 | ff08 1074 | 241c 6261 | ff08 106c | 241b 6261 | ff08 1064 | 241a 6261 | ff08 105c 
  0x000001b33317d540: 2419 6261 | ff08 1054 | 2418 6261 | ff08 104c | 2417 6261 | ff08 1044 | 2416 62e1 | ff08 107c 
  0x000001b33317d560: 2415 62e1 | ff08 1074 | 2414 62e1 | ff08 106c | 2413 62e1 | ff08 1064 | 2412 62e1 | ff08 105c 
  0x000001b33317d580: 2411 62e1 | ff08 1054 | 2410 62e1 | ff08 104c | 240f 62e1 | ff08 1044 | 240e c5fb | 106c 2468 
  0x000001b33317d5a0: c5fb 1064 | 2460 c5fb | 105c 2458 | c5fb 1054 | 2450 c5fb | 104c 2448 | c5fb 1044 | 2440 4c8b 
  0x000001b33317d5c0: 5c24 304c | 8b54 2428 | 4c8b 4c24 | 204c 8b44 | 2418 488b | 5424 1048 | 8b4c 2408 | 488b 0424 
  0x000001b33317d5e0: 4881 c4f0 | 0000 00c5 | f877 4889 | 4510 4883 | ec10 4889 | 0424 48c7 | 4424 0800 | 0000 0041 
  0x000001b33317d600: 83bf 5005 | 0000 020f | 85bf 0000 | 0048 81ec | 8000 0000 | 4889 4424 | 7848 894c | 2470 4889 
  0x000001b33317d620: 5424 6848 | 895c 2460 | 4889 6c24 | 5048 8974 | 2448 4889 | 7c24 404c | 8944 2438 | 4c89 4c24 
  0x000001b33317d640: 304c 8954 | 2428 4c89 | 5c24 204c | 8964 2418 | 4c89 6c24 | 104c 8974 | 2408 4c89 | 3c24 4c8b 
  0x000001b33317d660: e448 83ec | 2048 83e4 | f048 b810 | f77e 50ff | 7f00 00ff | d049 8be4 | 4c8b 3c24 | 4c8b 7424 
  0x000001b33317d680: 084c 8b6c | 2410 4c8b | 6424 184c | 8b5c 2420 | 4c8b 5424 | 284c 8b4c | 2430 4c8b | 4424 3848 
  0x000001b33317d6a0: 8b7c 2440 | 488b 7424 | 4848 8b6c | 2450 488b | 5c24 6048 | 8b54 2468 | 488b 4c24 | 7048 8b44 
  0x000001b33317d6c0: 2478 4881 | c480 0000 | 004d 33e4 | 488b 5de8 | 4c8b 6b08 | 4d8d 6d38 | 4983 7f08 | 000f 84bb 
  0x000001b33317d6e0: 0000 00e8 | 0500 0000 | e996 0000 | 0048 8d44 | 2408 4c89 | 6dc0 498b | cfc5 f877 | 4989 af38 
  0x000001b33317d700: 0400 0049 | 8987 2804 | 0000 4883 | ec20 40f6 | c40f 0f84 | 1900 0000 | 4883 ec08 | 48b8 b066 
  0x000001b33317d720: 4450 ff7f | 0000 ffd0 | 4883 c408 | e90c 0000 | 0048 b8b0 | 6644 50ff | 7f00 00ff | d048 83c4 
  0x000001b33317d740: 2049 c787 | 2804 0000 | 0000 0000 | 49c7 8738 | 0400 0000 | 0000 0049 | c787 3004 | 0000 0000 
  0x000001b33317d760: 0000 c5f8 | 7749 837f | 0800 0f84 | 0500 0000 | e96b 3aff | ff4c 8b6d | c04c 8b75 | c84e 8d74 
  0x000001b33317d780: f500 c348 | b948 08a8 | 50ff 7f00 | 0048 83e4 | f048 b800 | 8d6b 50ff | 7f00 00ff | d0f4 440f 
  0x000001b33317d7a0: b75b 2c41 | f6c3 200f | 8472 0100 | 0048 8d55 | a84c 8b5a | 084d 85db | 0f85 bb00 | 0000 e805 
  0x000001b33317d7c0: 0000 00e9 | 9600 0000 | 488d 4424 | 084c 896d | c049 8bcf | c5f8 7749 | 89af 3804 | 0000 4989 
  0x000001b33317d7e0: 8728 0400 | 0048 83ec | 2040 f6c4 | 0f0f 8419 | 0000 0048 | 83ec 0848 | b8e0 6544 | 50ff 7f00 
  0x000001b33317d800: 00ff d048 | 83c4 08e9 | 0c00 0000 | 48b8 e065 | 4450 ff7f | 0000 ffd0 | 4883 c420 | 49c7 8728 
  0x000001b33317d820: 0400 0000 | 0000 0049 | c787 3804 | 0000 0000 | 0000 49c7 | 8730 0400 | 0000 0000 | 00c5 f877 
  0x000001b33317d840: 4983 7f08 | 000f 8405 | 0000 00e9 | 9039 ffff | 4c8b 6dc0 | 4c8b 75c8 | 4e8d 74f5 | 00c3 48b9 
  0x000001b33317d860: 4808 a850 | ff7f 0000 | 4883 e4f0 | 48b8 008d | 6b50 ff7f | 0000 ffd0 | f44c 896d | c04c 8b4a 
  0x000001b33317d880: 0848 c742 | 0800 0000 | 0045 8b87 | d806 0000 | 4f3b 4c07 | f80f 8542 | 0000 0041 | 83af d806 
  0x000001b33317d8a0: 0000 084f | 3b4c 07f0 | 0f84 2a00 | 0000 498b | 01a8 020f | 8512 0000 | 004c 8bc0 | 4983 c801 
  0x000001b33317d8c0: f04d 0fb1 | 010f 840d | 0000 0041 | 8387 d806 | 0000 08e9 | 0500 0000 | e93e 0000 | 004c 894a 
  0x000001b33317d8e0: 0848 8bca | 4883 ec20 | 40f6 c40f | 0f84 1900 | 0000 4883 | ec08 48b8 | 3038 4450 | ff7f 0000 
  0x000001b33317d900: ffd0 4883 | c408 e90c | 0000 0048 | b830 3844 | 50ff 7f00 | 00ff d048 | 83c4 204c | 8b6d c041 
  0x000001b33317d920: c687 9603 | 0000 0149 | 3b6f 280f | 8705 0000 | 00e9 ab00 | 0000 4883 | ec10 c5fb | 1104 2448 
  0x000001b33317d940: 83ec 1048 | 8904 2448 | c744 2408 | 0000 0000 | c5f8 7749 | 89af 3804 | 0000 49ba | 50d9 1733 
  0x000001b33317d960: b301 0000 | 4d89 9730 | 0400 0049 | 89a7 2804 | 0000 498b | cf48 83ec | 2040 f6c4 | 0f0f 8419 
  0x000001b33317d980: 0000 0048 | 83ec 0848 | b8d0 1e44 | 50ff 7f00 | 00ff d048 | 83c4 08e9 | 0c00 0000 | 48b8 d01e 
  0x000001b33317d9a0: 4450 ff7f | 0000 ffd0 | 4883 c420 | 49c7 8728 | 0400 0000 | 0000 0049 | c787 3804 | 0000 0000 
  0x000001b33317d9c0: 0000 49c7 | 8730 0400 | 0000 0000 | 00c5 f877 | 488b 0424 | 4883 c410 | c5fb 1004 | 2448 83c4 
  0x000001b33317d9e0: 1048 8b04 | 2448 83c4 | 10c5 fb10 | 0424 4883 | c410 4c8b | 5d18 41ff | d34c 8b5d | f8c9 41c6 
  0x000001b33317da00: 8796 0300 | 0000 5f49 | 8be3 ffe7 | ba00 0000 | 00e8 0500 | 0000 e996 | 0000 0048 | 8d44 2408 
  0x000001b33317da20: 4c89 6dc0 | 498b cfc5 | f877 4989 | af38 0400 | 0049 8987 | 2804 0000 | 4883 ec20 | 40f6 c40f 
  0x000001b33317da40: 0f84 1900 | 0000 4883 | ec08 48b8 | 202e 4450 | ff7f 0000 | ffd0 4883 | c408 e90c | 0000 0048 
  0x000001b33317da60: b820 2e44 | 50ff 7f00 | 00ff d048 | 83c4 2049 | c787 2804 | 0000 0000 | 0000 49c7 | 8738 0400 
  0x000001b33317da80: 0000 0000 | 0049 c787 | 3004 0000 | 0000 0000 | c5f8 7749 | 837f 0800 | 0f84 0500 | 0000 e93d 
  0x000001b33317daa0: 37ff ff4c | 8b6d c04c | 8b75 c84e | 8d74 f500 | c348 8b5d | e8e9 6ef5 | ffff 660f | 1f44 0000 
[/MachCode]

---------------  P R O C E S S  ---------------

Threads class SMR info:
_java_thread_list=0x000001b3452c4630, length=19, elements={
0x000001b340836ac0, 0x000001b340837520, 0x000001b340839a30, 0x000001b34083a5f0,
0x000001b34083b1b0, 0x000001b34083ff00, 0x000001b3408437e0, 0x000001b34084e410,
0x000001b34092cf30, 0x000001b3408ce240, 0x000001b34501ec60, 0x000001b3452a3af0,
0x000001b3452a50d0, 0x000001b3455102e0, 0x000001b34557c590, 0x000001b3456403f0,
0x000001b3456432d0, 0x000001b345642b00, 0x000001b34563e4b0
}

Java Threads: ( => current thread )
  0x000001b340836ac0 JavaThread "Reference Handler"          daemon [_thread_blocked, id=11976, stack(0x000000054ad00000,0x000000054ae00000) (1024K)]
  0x000001b340837520 JavaThread "Finalizer"                  daemon [_thread_blocked, id=19520, stack(0x000000054ae00000,0x000000054af00000) (1024K)]
  0x000001b340839a30 JavaThread "Signal Dispatcher"          daemon [_thread_blocked, id=12144, stack(0x000000054af00000,0x000000054b000000) (1024K)]
  0x000001b34083a5f0 JavaThread "Attach Listener"            daemon [_thread_blocked, id=18732, stack(0x000000054b000000,0x000000054b100000) (1024K)]
  0x000001b34083b1b0 JavaThread "Service Thread"             daemon [_thread_blocked, id=10204, stack(0x000000054b100000,0x000000054b200000) (1024K)]
  0x000001b34083ff00 JavaThread "Monitor Deflation Thread"   daemon [_thread_blocked, id=7128, stack(0x000000054b200000,0x000000054b300000) (1024K)]
  0x000001b3408437e0 JavaThread "C2 CompilerThread0"         daemon [_thread_blocked, id=5624, stack(0x000000054b300000,0x000000054b400000) (1024K)]
  0x000001b34084e410 JavaThread "C1 CompilerThread0"         daemon [_thread_blocked, id=17452, stack(0x000000054b400000,0x000000054b500000) (1024K)]
  0x000001b34092cf30 JavaThread "Notification Thread"        daemon [_thread_blocked, id=14284, stack(0x000000054b500000,0x000000054b600000) (1024K)]
  0x000001b3408ce240 JavaThread "Common-Cleaner"             daemon [_thread_blocked, id=8168, stack(0x000000054b600000,0x000000054b700000) (1024K)]
  0x000001b34501ec60 JavaThread "Java2D Disposer"            daemon [_thread_blocked, id=7132, stack(0x000000054b700000,0x000000054b800000) (1024K)]
  0x000001b3452a3af0 JavaThread "AWT-Shutdown"                      [_thread_blocked, id=15288, stack(0x000000054b800000,0x000000054b900000) (1024K)]
=>0x000001b3452a50d0 JavaThread "AWT-Windows"                daemon [_thread_in_native, id=20136, stack(0x000000054b900000,0x000000054ba00000) (1024K)]
  0x000001b3455102e0 JavaThread "AWT-EventQueue-0"                  [_thread_in_native, id=19892, stack(0x000000054bc00000,0x000000054bd00000) (1024K)]
  0x000001b34557c590 JavaThread "Swing-Shell"                daemon [_thread_blocked, id=17524, stack(0x000000054bd00000,0x000000054be00000) (1024K)]
  0x000001b3456403f0 JavaThread "SwingWorker-pool-2-thread-1" daemon [_thread_blocked, id=6968, stack(0x000000054c700000,0x000000054c800000) (1024K)]
  0x000001b3456432d0 JavaThread "TimerQueue"                 daemon [_thread_blocked, id=4432, stack(0x000000054c800000,0x000000054c900000) (1024K)]
  0x000001b345642b00 JavaThread "SwingWorker-pool-2-thread-2" daemon [_thread_blocked, id=18448, stack(0x000000054c900000,0x000000054ca00000) (1024K)]
  0x000001b34563e4b0 JavaThread "DestroyJavaVM"                     [_thread_blocked, id=5676, stack(0x000000054a500000,0x000000054a600000) (1024K)]
Total: 19

Other Threads:
  0x000001b3408263a0 VMThread "VM Thread"                           [id=11828, stack(0x000000054ac00000,0x000000054ad00000) (1024K)]
  0x000001b340815020 WatcherThread "VM Periodic Task Thread"        [id=16100, stack(0x000000054ab00000,0x000000054ac00000) (1024K)]
  0x000001b321d22f70 WorkerThread "GC Thread#0"                     [id=20424, stack(0x000000054a600000,0x000000054a700000) (1024K)]
  0x000001b3485b6080 WorkerThread "GC Thread#1"                     [id=4708, stack(0x000000054ba00000,0x000000054bb00000) (1024K)]
  0x000001b3485b6920 WorkerThread "GC Thread#2"                     [id=7904, stack(0x000000054bb00000,0x000000054bc00000) (1024K)]
  0x000001b3485bae20 WorkerThread "GC Thread#3"                     [id=11604, stack(0x000000054ca00000,0x000000054cb00000) (1024K)]
  0x000001b3485ba9d0 WorkerThread "GC Thread#4"                     [id=17252, stack(0x000000054cb00000,0x000000054cc00000) (1024K)]
  0x000001b3485bbb10 WorkerThread "GC Thread#5"                     [id=12640, stack(0x000000054cc00000,0x000000054cd00000) (1024K)]
  0x000001b3485bb270 WorkerThread "GC Thread#6"                     [id=2172, stack(0x000000054cd00000,0x000000054ce00000) (1024K)]
  0x000001b3485bb6c0 WorkerThread "GC Thread#7"                     [id=14684, stack(0x000000054ce00000,0x000000054cf00000) (1024K)]
  0x000001b321d3cbf0 ConcurrentGCThread "G1 Main Marker"            [id=11636, stack(0x000000054a700000,0x000000054a800000) (1024K)]
  0x000001b321d3d790 WorkerThread "G1 Conc#0"                       [id=11944, stack(0x000000054a800000,0x000000054a900000) (1024K)]
  0x000001b321d8b760 ConcurrentGCThread "G1 Refine#0"               [id=19248, stack(0x000000054a900000,0x000000054aa00000) (1024K)]
  0x000001b321d8c370 ConcurrentGCThread "G1 Service"                [id=2656, stack(0x000000054aa00000,0x000000054ab00000) (1024K)]
Total: 14

Threads with active compile tasks:
Total: 0

VM state: not at safepoint (normal execution)

VM Mutex/Monitor currently owned by a thread: None

Heap address: 0x0000000083a00000, size: 1990 MB, Compressed Oops mode: 32-bit

CDS archive(s) mapped at: [0x0000000013000000-0x0000000013dd0000-0x0000000013dd0000), size 14483456, SharedBaseAddress: 0x0000000013000000, ArchiveRelocationMode: 1.
Compressed class space mapped at: 0x0000000014000000-0x0000000054000000, reserved size: 1073741824
UseCompressedClassPointers 1, UseCompactObjectHeaders 0
Narrow klass pointer bits 32, Max shift 3
Narrow klass base: 0x0000000013000000, Narrow klass shift: 0
Encoding Range: [0x0000000013000000 - 0x0000000113000000), (4294967296 bytes)
Klass Range:    [0x0000000013010000 - 0x0000000054000000), (1090453504 bytes)
Klass ID Range:  [65536 - 1090519033) (1090453497)
Protection zone: [0x0000000013000000 - 0x0000000013010000), (65536 bytes)

GC Precious Log:
 CardTable entry size: 512
 Card Set container configuration: InlinePtr #cards 5 size 8 Array Of Cards #cards 10 size 36 Howl #buckets 4 coarsen threshold 1843 Howl Bitmap #cards 512 size 80 coarsen threshold 460 Card regions per heap region 1 cards per card region 2048
 CPUs: 8 total, 8 available
 Memory: 7955M
 Large Page Support: Disabled
 NUMA Support: Disabled
 Compressed Oops: Enabled (32-bit)
 Heap Region Size: 1M
 Heap Min Capacity: 8M
 Heap Initial Capacity: 126M
 Heap Max Capacity: 1990M
 Pre-touch: Disabled
 Parallel Workers: 8
 Concurrent Workers: 2
 Concurrent Refinement Workers: 8
 Periodic GC: Disabled

Heap:
 garbage-first heap   total reserved 2037760K, committed 131072K, used 68922K [0x0000000083a00000, 0x0000000100000000)
  region size 1024K, 43 young (44032K), 3 survivors (3072K)

Heap Regions: E=young(eden), S=young(survivor), O=old, HS=humongous(starts), HC=humongous(continues), CS=collection set, F=free, TAMS=top-at-mark-start, PB=parsable bottom
|   0|0x0000000083a00000, 0x0000000083b00000, 0x0000000083b00000|100%|HS|  |TAMS 0x0000000083a00000| PB 0x0000000083a00000| Complete |  0
|   1|0x0000000083b00000, 0x0000000083c00000, 0x0000000083c00000|100%|HC|  |TAMS 0x0000000083b00000| PB 0x0000000083b00000| Complete |  0
|   2|0x0000000083c00000, 0x0000000083d00000, 0x0000000083d00000|100%|HC|  |TAMS 0x0000000083c00000| PB 0x0000000083c00000| Complete |  0
|   3|0x0000000083d00000, 0x0000000083e00000, 0x0000000083e00000|100%|HC|  |TAMS 0x0000000083d00000| PB 0x0000000083d00000| Complete |  0
|   4|0x0000000083e00000, 0x0000000083f00000, 0x0000000083f00000|100%|HC|  |TAMS 0x0000000083e00000| PB 0x0000000083e00000| Complete |  0
|   5|0x0000000083f00000, 0x0000000084000000, 0x0000000084000000|100%| O|  |TAMS 0x0000000083f00000| PB 0x0000000083f00000| Untracked |  0
|   6|0x0000000084000000, 0x0000000084100000, 0x0000000084100000|100%| O|  |TAMS 0x0000000084000000| PB 0x0000000084000000| Untracked |  0
|   7|0x0000000084100000, 0x0000000084100000, 0x0000000084200000|  0%| F|  |TAMS 0x0000000084100000| PB 0x0000000084100000| Untracked |  0
|   8|0x0000000084200000, 0x0000000084200000, 0x0000000084300000|  0%| F|  |TAMS 0x0000000084200000| PB 0x0000000084200000| Untracked |  0
|   9|0x0000000084300000, 0x0000000084300000, 0x0000000084400000|  0%| F|  |TAMS 0x0000000084300000| PB 0x0000000084300000| Untracked |  0
|  10|0x0000000084400000, 0x0000000084400000, 0x0000000084500000|  0%| F|  |TAMS 0x0000000084400000| PB 0x0000000084400000| Untracked |  0
|  11|0x0000000084500000, 0x0000000084500000, 0x0000000084600000|  0%| F|  |TAMS 0x0000000084500000| PB 0x0000000084500000| Untracked |  0
|  12|0x0000000084600000, 0x0000000084700000, 0x0000000084700000|100%|HS|  |TAMS 0x0000000084600000| PB 0x0000000084600000| Complete |  0
|  13|0x0000000084700000, 0x0000000084800000, 0x0000000084800000|100%|HC|  |TAMS 0x0000000084700000| PB 0x0000000084700000| Complete |  0
|  14|0x0000000084800000, 0x0000000084900000, 0x0000000084900000|100%|HC|  |TAMS 0x0000000084800000| PB 0x0000000084800000| Complete |  0
|  15|0x0000000084900000, 0x0000000084a00000, 0x0000000084a00000|100%|HC|  |TAMS 0x0000000084900000| PB 0x0000000084900000| Complete |  0
|  16|0x0000000084a00000, 0x0000000084b00000, 0x0000000084b00000|100%|HC|  |TAMS 0x0000000084a00000| PB 0x0000000084a00000| Complete |  0
|  17|0x0000000084b00000, 0x0000000084c00000, 0x0000000084c00000|100%| O|  |TAMS 0x0000000084b00000| PB 0x0000000084b00000| Untracked |  0
|  18|0x0000000084c00000, 0x0000000084d00000, 0x0000000084d00000|100%| O|  |TAMS 0x0000000084c00000| PB 0x0000000084c00000| Untracked |  0
|  19|0x0000000084d00000, 0x0000000084e00000, 0x0000000084e00000|100%| O|  |TAMS 0x0000000084d00000| PB 0x0000000084d00000| Untracked |  0
|  20|0x0000000084e00000, 0x0000000084f00000, 0x0000000084f00000|100%| O|  |TAMS 0x0000000084e00000| PB 0x0000000084e00000| Untracked |  0
|  21|0x0000000084f00000, 0x0000000085000000, 0x0000000085000000|100%| O|  |TAMS 0x0000000084f00000| PB 0x0000000084f00000| Untracked |  0
|  22|0x0000000085000000, 0x000000008509d1e0, 0x0000000085100000| 61%| O|  |TAMS 0x0000000085000000| PB 0x0000000085000000| Untracked |  0
|  23|0x0000000085100000, 0x0000000085200000, 0x0000000085200000|100%|HS|  |TAMS 0x0000000085100000| PB 0x0000000085100000| Complete |  0
|  24|0x0000000085200000, 0x0000000085300000, 0x0000000085300000|100%|HC|  |TAMS 0x0000000085200000| PB 0x0000000085200000| Complete |  0
|  25|0x0000000085300000, 0x0000000085400000, 0x0000000085400000|100%|HC|  |TAMS 0x0000000085300000| PB 0x0000000085300000| Complete |  0
|  26|0x0000000085400000, 0x0000000085500000, 0x0000000085500000|100%|HC|  |TAMS 0x0000000085400000| PB 0x0000000085400000| Complete |  0
|  27|0x0000000085500000, 0x0000000085600000, 0x0000000085600000|100%|HC|  |TAMS 0x0000000085500000| PB 0x0000000085500000| Complete |  0
|  28|0x0000000085600000, 0x0000000085700000, 0x0000000085700000|100%|HC|  |TAMS 0x0000000085600000| PB 0x0000000085600000| Complete |  0
|  29|0x0000000085700000, 0x0000000085800000, 0x0000000085800000|100%|HC|  |TAMS 0x0000000085700000| PB 0x0000000085700000| Complete |  0
|  30|0x0000000085800000, 0x0000000085900000, 0x0000000085900000|100%|HC|  |TAMS 0x0000000085800000| PB 0x0000000085800000| Complete |  0
|  31|0x0000000085900000, 0x0000000085900000, 0x0000000085a00000|  0%| F|  |TAMS 0x0000000085900000| PB 0x0000000085900000| Untracked |  0
|  32|0x0000000085a00000, 0x0000000085a00000, 0x0000000085b00000|  0%| F|  |TAMS 0x0000000085a00000| PB 0x0000000085a00000| Untracked |  0
|  33|0x0000000085b00000, 0x0000000085b00000, 0x0000000085c00000|  0%| F|  |TAMS 0x0000000085b00000| PB 0x0000000085b00000| Untracked |  0
|  34|0x0000000085c00000, 0x0000000085c00000, 0x0000000085d00000|  0%| F|  |TAMS 0x0000000085c00000| PB 0x0000000085c00000| Untracked |  0
|  35|0x0000000085d00000, 0x0000000085d00000, 0x0000000085e00000|  0%| F|  |TAMS 0x0000000085d00000| PB 0x0000000085d00000| Untracked |  0
|  36|0x0000000085e00000, 0x0000000085e00000, 0x0000000085f00000|  0%| F|  |TAMS 0x0000000085e00000| PB 0x0000000085e00000| Untracked |  0
|  37|0x0000000085f00000, 0x0000000085f00000, 0x0000000086000000|  0%| F|  |TAMS 0x0000000085f00000| PB 0x0000000085f00000| Untracked |  0
|  38|0x0000000086000000, 0x0000000086000000, 0x0000000086100000|  0%| F|  |TAMS 0x0000000086000000| PB 0x0000000086000000| Untracked |  0
|  39|0x0000000086100000, 0x0000000086100000, 0x0000000086200000|  0%| F|  |TAMS 0x0000000086100000| PB 0x0000000086100000| Untracked |  0
|  40|0x0000000086200000, 0x0000000086200000, 0x0000000086300000|  0%| F|  |TAMS 0x0000000086200000| PB 0x0000000086200000| Untracked |  0
|  41|0x0000000086300000, 0x0000000086300000, 0x0000000086400000|  0%| F|  |TAMS 0x0000000086300000| PB 0x0000000086300000| Untracked |  0
|  42|0x0000000086400000, 0x0000000086400000, 0x0000000086500000|  0%| F|  |TAMS 0x0000000086400000| PB 0x0000000086400000| Untracked |  0
|  43|0x0000000086500000, 0x0000000086500000, 0x0000000086600000|  0%| F|  |TAMS 0x0000000086500000| PB 0x0000000086500000| Untracked |  0
|  44|0x0000000086600000, 0x0000000086600000, 0x0000000086700000|  0%| F|  |TAMS 0x0000000086600000| PB 0x0000000086600000| Untracked |  0
|  45|0x0000000086700000, 0x0000000086700000, 0x0000000086800000|  0%| F|  |TAMS 0x0000000086700000| PB 0x0000000086700000| Untracked |  0
|  46|0x0000000086800000, 0x0000000086800000, 0x0000000086900000|  0%| F|  |TAMS 0x0000000086800000| PB 0x0000000086800000| Untracked |  0
|  47|0x0000000086900000, 0x0000000086900000, 0x0000000086a00000|  0%| F|  |TAMS 0x0000000086900000| PB 0x0000000086900000| Untracked |  0
|  48|0x0000000086a00000, 0x0000000086a00000, 0x0000000086b00000|  0%| F|  |TAMS 0x0000000086a00000| PB 0x0000000086a00000| Untracked |  0
|  49|0x0000000086b00000, 0x0000000086b00000, 0x0000000086c00000|  0%| F|  |TAMS 0x0000000086b00000| PB 0x0000000086b00000| Untracked |  0
|  50|0x0000000086c00000, 0x0000000086c00000, 0x0000000086d00000|  0%| F|  |TAMS 0x0000000086c00000| PB 0x0000000086c00000| Untracked |  0
|  51|0x0000000086d00000, 0x0000000086d00000, 0x0000000086e00000|  0%| F|  |TAMS 0x0000000086d00000| PB 0x0000000086d00000| Untracked |  0
|  52|0x0000000086e00000, 0x0000000086e00000, 0x0000000086f00000|  0%| F|  |TAMS 0x0000000086e00000| PB 0x0000000086e00000| Untracked |  0
|  53|0x0000000086f00000, 0x0000000086f00000, 0x0000000087000000|  0%| F|  |TAMS 0x0000000086f00000| PB 0x0000000086f00000| Untracked |  0
|  54|0x0000000087000000, 0x0000000087000000, 0x0000000087100000|  0%| F|  |TAMS 0x0000000087000000| PB 0x0000000087000000| Untracked |  0
|  55|0x0000000087100000, 0x0000000087100000, 0x0000000087200000|  0%| F|  |TAMS 0x0000000087100000| PB 0x0000000087100000| Untracked |  0
|  56|0x0000000087200000, 0x0000000087200000, 0x0000000087300000|  0%| F|  |TAMS 0x0000000087200000| PB 0x0000000087200000| Untracked |  0
|  57|0x0000000087300000, 0x0000000087300000, 0x0000000087400000|  0%| F|  |TAMS 0x0000000087300000| PB 0x0000000087300000| Untracked |  0
|  58|0x0000000087400000, 0x0000000087400000, 0x0000000087500000|  0%| F|  |TAMS 0x0000000087400000| PB 0x0000000087400000| Untracked |  0
|  59|0x0000000087500000, 0x0000000087500000, 0x0000000087600000|  0%| F|  |TAMS 0x0000000087500000| PB 0x0000000087500000| Untracked |  0
|  60|0x0000000087600000, 0x0000000087600000, 0x0000000087700000|  0%| F|  |TAMS 0x0000000087600000| PB 0x0000000087600000| Untracked |  0
|  61|0x0000000087700000, 0x0000000087700000, 0x0000000087800000|  0%| F|  |TAMS 0x0000000087700000| PB 0x0000000087700000| Untracked |  0
|  62|0x0000000087800000, 0x0000000087800000, 0x0000000087900000|  0%| F|  |TAMS 0x0000000087800000| PB 0x0000000087800000| Untracked |  0
|  63|0x0000000087900000, 0x000000008798c300, 0x0000000087a00000| 54%| S|CS|TAMS 0x0000000087900000| PB 0x0000000087900000| Complete |  0
|  64|0x0000000087a00000, 0x0000000087b00000, 0x0000000087b00000|100%| S|CS|TAMS 0x0000000087a00000| PB 0x0000000087a00000| Complete |  0
|  65|0x0000000087b00000, 0x0000000087c00000, 0x0000000087c00000|100%| S|CS|TAMS 0x0000000087b00000| PB 0x0000000087b00000| Complete |  0
|  66|0x0000000087c00000, 0x0000000087c00000, 0x0000000087d00000|  0%| F|  |TAMS 0x0000000087c00000| PB 0x0000000087c00000| Untracked |  0
|  67|0x0000000087d00000, 0x0000000087d00000, 0x0000000087e00000|  0%| F|  |TAMS 0x0000000087d00000| PB 0x0000000087d00000| Untracked |  0
|  68|0x0000000087e00000, 0x0000000087e00000, 0x0000000087f00000|  0%| F|  |TAMS 0x0000000087e00000| PB 0x0000000087e00000| Untracked |  0
|  69|0x0000000087f00000, 0x0000000087f00000, 0x0000000088000000|  0%| F|  |TAMS 0x0000000087f00000| PB 0x0000000087f00000| Untracked |  0
|  70|0x0000000088000000, 0x0000000088000000, 0x0000000088100000|  0%| F|  |TAMS 0x0000000088000000| PB 0x0000000088000000| Untracked |  0
|  71|0x0000000088100000, 0x0000000088100000, 0x0000000088200000|  0%| F|  |TAMS 0x0000000088100000| PB 0x0000000088100000| Untracked |  0
|  72|0x0000000088200000, 0x0000000088200000, 0x0000000088300000|  0%| F|  |TAMS 0x0000000088200000| PB 0x0000000088200000| Untracked |  0
|  73|0x0000000088300000, 0x0000000088300000, 0x0000000088400000|  0%| F|  |TAMS 0x0000000088300000| PB 0x0000000088300000| Untracked |  0
|  74|0x0000000088400000, 0x0000000088400000, 0x0000000088500000|  0%| F|  |TAMS 0x0000000088400000| PB 0x0000000088400000| Untracked |  0
|  75|0x0000000088500000, 0x0000000088500000, 0x0000000088600000|  0%| F|  |TAMS 0x0000000088500000| PB 0x0000000088500000| Untracked |  0
|  76|0x0000000088600000, 0x0000000088600000, 0x0000000088700000|  0%| F|  |TAMS 0x0000000088600000| PB 0x0000000088600000| Untracked |  0
|  77|0x0000000088700000, 0x0000000088700000, 0x0000000088800000|  0%| F|  |TAMS 0x0000000088700000| PB 0x0000000088700000| Untracked |  0
|  78|0x0000000088800000, 0x0000000088800000, 0x0000000088900000|  0%| F|  |TAMS 0x0000000088800000| PB 0x0000000088800000| Untracked |  0
|  79|0x0000000088900000, 0x0000000088900000, 0x0000000088a00000|  0%| F|  |TAMS 0x0000000088900000| PB 0x0000000088900000| Untracked |  0
|  80|0x0000000088a00000, 0x0000000088a00000, 0x0000000088b00000|  0%| F|  |TAMS 0x0000000088a00000| PB 0x0000000088a00000| Untracked |  0
|  81|0x0000000088b00000, 0x0000000088b00000, 0x0000000088c00000|  0%| F|  |TAMS 0x0000000088b00000| PB 0x0000000088b00000| Untracked |  0
|  82|0x0000000088c00000, 0x0000000088c00000, 0x0000000088d00000|  0%| F|  |TAMS 0x0000000088c00000| PB 0x0000000088c00000| Untracked |  0
|  83|0x0000000088d00000, 0x0000000088d00000, 0x0000000088e00000|  0%| F|  |TAMS 0x0000000088d00000| PB 0x0000000088d00000| Untracked |  0
|  84|0x0000000088e00000, 0x0000000088e00000, 0x0000000088f00000|  0%| F|  |TAMS 0x0000000088e00000| PB 0x0000000088e00000| Untracked |  0
|  85|0x0000000088f00000, 0x0000000088f00000, 0x0000000089000000|  0%| F|  |TAMS 0x0000000088f00000| PB 0x0000000088f00000| Untracked |  0
|  86|0x0000000089000000, 0x00000000890dc130, 0x0000000089100000| 85%| E|  |TAMS 0x0000000089000000| PB 0x0000000089000000| Complete |  0
|  87|0x0000000089100000, 0x0000000089200000, 0x0000000089200000|100%| E|CS|TAMS 0x0000000089100000| PB 0x0000000089100000| Complete |  0
|  88|0x0000000089200000, 0x0000000089300000, 0x0000000089300000|100%| E|CS|TAMS 0x0000000089200000| PB 0x0000000089200000| Complete |  0
|  89|0x0000000089300000, 0x0000000089400000, 0x0000000089400000|100%| E|CS|TAMS 0x0000000089300000| PB 0x0000000089300000| Complete |  0
|  90|0x0000000089400000, 0x0000000089500000, 0x0000000089500000|100%| E|CS|TAMS 0x0000000089400000| PB 0x0000000089400000| Complete |  0
|  91|0x0000000089500000, 0x0000000089600000, 0x0000000089600000|100%| E|CS|TAMS 0x0000000089500000| PB 0x0000000089500000| Complete |  0
|  92|0x0000000089600000, 0x0000000089700000, 0x0000000089700000|100%| E|CS|TAMS 0x0000000089600000| PB 0x0000000089600000| Complete |  0
|  93|0x0000000089700000, 0x0000000089800000, 0x0000000089800000|100%| E|CS|TAMS 0x0000000089700000| PB 0x0000000089700000| Complete |  0
|  94|0x0000000089800000, 0x0000000089900000, 0x0000000089900000|100%| E|CS|TAMS 0x0000000089800000| PB 0x0000000089800000| Complete |  0
|  95|0x0000000089900000, 0x0000000089a00000, 0x0000000089a00000|100%| E|  |TAMS 0x0000000089900000| PB 0x0000000089900000| Complete |  0
|  96|0x0000000089a00000, 0x0000000089b00000, 0x0000000089b00000|100%| E|CS|TAMS 0x0000000089a00000| PB 0x0000000089a00000| Complete |  0
|  97|0x0000000089b00000, 0x0000000089c00000, 0x0000000089c00000|100%| E|CS|TAMS 0x0000000089b00000| PB 0x0000000089b00000| Complete |  0
|  98|0x0000000089c00000, 0x0000000089d00000, 0x0000000089d00000|100%| E|CS|TAMS 0x0000000089c00000| PB 0x0000000089c00000| Complete |  0
|  99|0x0000000089d00000, 0x0000000089e00000, 0x0000000089e00000|100%| E|CS|TAMS 0x0000000089d00000| PB 0x0000000089d00000| Complete |  0
| 100|0x0000000089e00000, 0x0000000089f00000, 0x0000000089f00000|100%| E|CS|TAMS 0x0000000089e00000| PB 0x0000000089e00000| Complete |  0
| 101|0x0000000089f00000, 0x000000008a000000, 0x000000008a000000|100%| E|CS|TAMS 0x0000000089f00000| PB 0x0000000089f00000| Complete |  0
| 102|0x000000008a000000, 0x000000008a100000, 0x000000008a100000|100%| E|CS|TAMS 0x000000008a000000| PB 0x000000008a000000| Complete |  0
| 103|0x000000008a100000, 0x000000008a200000, 0x000000008a200000|100%| E|CS|TAMS 0x000000008a100000| PB 0x000000008a100000| Complete |  0
| 104|0x000000008a200000, 0x000000008a300000, 0x000000008a300000|100%| E|CS|TAMS 0x000000008a200000| PB 0x000000008a200000| Complete |  0
| 105|0x000000008a300000, 0x000000008a400000, 0x000000008a400000|100%| E|CS|TAMS 0x000000008a300000| PB 0x000000008a300000| Complete |  0
| 106|0x000000008a400000, 0x000000008a500000, 0x000000008a500000|100%| E|CS|TAMS 0x000000008a400000| PB 0x000000008a400000| Complete |  0
| 107|0x000000008a500000, 0x000000008a600000, 0x000000008a600000|100%| E|CS|TAMS 0x000000008a500000| PB 0x000000008a500000| Complete |  0
| 108|0x000000008a600000, 0x000000008a700000, 0x000000008a700000|100%| E|CS|TAMS 0x000000008a600000| PB 0x000000008a600000| Complete |  0
| 109|0x000000008a700000, 0x000000008a800000, 0x000000008a800000|100%| E|CS|TAMS 0x000000008a700000| PB 0x000000008a700000| Complete |  0
| 110|0x000000008a800000, 0x000000008a900000, 0x000000008a900000|100%| E|CS|TAMS 0x000000008a800000| PB 0x000000008a800000| Complete |  0
| 111|0x000000008a900000, 0x000000008aa00000, 0x000000008aa00000|100%| E|CS|TAMS 0x000000008a900000| PB 0x000000008a900000| Complete |  0
| 112|0x000000008aa00000, 0x000000008ab00000, 0x000000008ab00000|100%| E|CS|TAMS 0x000000008aa00000| PB 0x000000008aa00000| Complete |  0
| 113|0x000000008ab00000, 0x000000008ac00000, 0x000000008ac00000|100%| E|CS|TAMS 0x000000008ab00000| PB 0x000000008ab00000| Complete |  0
| 114|0x000000008ac00000, 0x000000008ad00000, 0x000000008ad00000|100%| E|CS|TAMS 0x000000008ac00000| PB 0x000000008ac00000| Complete |  0
| 115|0x000000008ad00000, 0x000000008ae00000, 0x000000008ae00000|100%| E|CS|TAMS 0x000000008ad00000| PB 0x000000008ad00000| Complete |  0
| 116|0x000000008ae00000, 0x000000008af00000, 0x000000008af00000|100%| E|CS|TAMS 0x000000008ae00000| PB 0x000000008ae00000| Complete |  0
| 117|0x000000008af00000, 0x000000008b000000, 0x000000008b000000|100%| E|CS|TAMS 0x000000008af00000| PB 0x000000008af00000| Complete |  0
| 118|0x000000008b000000, 0x000000008b100000, 0x000000008b100000|100%| E|CS|TAMS 0x000000008b000000| PB 0x000000008b000000| Complete |  0
| 119|0x000000008b100000, 0x000000008b200000, 0x000000008b200000|100%| E|CS|TAMS 0x000000008b100000| PB 0x000000008b100000| Complete |  0
| 120|0x000000008b200000, 0x000000008b300000, 0x000000008b300000|100%| E|CS|TAMS 0x000000008b200000| PB 0x000000008b200000| Complete |  0
| 121|0x000000008b300000, 0x000000008b400000, 0x000000008b400000|100%| E|CS|TAMS 0x000000008b300000| PB 0x000000008b300000| Complete |  0
| 122|0x000000008b400000, 0x000000008b500000, 0x000000008b500000|100%| E|CS|TAMS 0x000000008b400000| PB 0x000000008b400000| Complete |  0
| 123|0x000000008b500000, 0x000000008b600000, 0x000000008b600000|100%| E|CS|TAMS 0x000000008b500000| PB 0x000000008b500000| Complete |  0
| 124|0x000000008b600000, 0x000000008b700000, 0x000000008b700000|100%| E|CS|TAMS 0x000000008b600000| PB 0x000000008b600000| Complete |  0
| 125|0x000000008b700000, 0x000000008b800000, 0x000000008b800000|100%| E|CS|TAMS 0x000000008b700000| PB 0x000000008b700000| Complete |  0
|1988|0x00000000ffe00000, 0x00000000fff00000, 0x00000000fff00000|100%| O|  |TAMS 0x00000000ffe00000| PB 0x00000000ffe00000| Untracked |  0
|1989|0x00000000fff00000, 0x00000000fff256a0, 0x0000000100000000| 14%| O|  |TAMS 0x00000000fff00000| PB 0x00000000fff00000| Untracked |  0

Card table byte_map: [0x000001b33baa0000,0x000001b33be90000] _byte_map_base: 0x000001b33b683000

Marking Bits: (CMBitMap*) 0x000001b321d23700
 Bits: [0x000001b33be90000, 0x000001b33dda8000)

Polling page: 0x000001b32bc20000

Metaspace:
Metaspace        used 18802K, committed 19264K, reserved 1114112K
 class space     used 1892K, committed 2112K, reserved 1048576K

Usage:
  Non-class:     16.51 MB used.
      Class:      1.85 MB used.
       Both:     18.36 MB used.

Virtual space:
  Non-class space:       64.00 MB reserved,      16.75 MB ( 26%) committed,  1 nodes.
      Class space:        1.00 GB reserved,       2.06 MB ( <1%) committed,  1 nodes.
             Both:        1.06 GB reserved,      18.81 MB (  2%) committed. 

Chunk freelists:
   Non-Class:  14.97 MB
       Class:  14.00 MB
        Both:  28.97 MB

MaxMetaspaceSize: unlimited
CompressedClassSpaceSize: 1.00 GB
Initial GC threshold: 21.00 MB
Current GC threshold: 21.00 MB
CDS: on
 - commit_granule_bytes: 65536.
 - commit_granule_words: 8192.
 - virtual_space_node_default_size: 8388608.
 - enlarge_chunks_in_place: 1.
UseCompressedClassPointers 1, UseCompactObjectHeaders 0
Narrow klass pointer bits 32, Max shift 3
Narrow klass base: 0x0000000013000000, Narrow klass shift: 0
Encoding Range: [0x0000000013000000 - 0x0000000113000000), (4294967296 bytes)
Klass Range:    [0x0000000013010000 - 0x0000000054000000), (1090453504 bytes)
Klass ID Range:  [65536 - 1090519033) (1090453497)
Protection zone: [0x0000000013000000 - 0x0000000013010000), (65536 bytes)


Internal statistics:

num_allocs_failed_limit: 0.
num_arena_births: 494.
num_arena_deaths: 0.
num_vsnodes_births: 2.
num_vsnodes_deaths: 0.
num_space_committed: 301.
num_space_uncommitted: 0.
num_chunks_returned_to_freelist: 0.
num_chunks_taken_from_freelist: 610.
num_chunk_merges: 0.
num_chunk_splits: 411.
num_chunks_enlarged: 260.
num_inconsistent_stats: 0.

CodeHeap 'non-profiled nmethods': size=120064Kb used=3234Kb max_used=3234Kb free=116829Kb
 bounds [0x000001b333700000, 0x000001b333a30000, 0x000001b33ac40000]
CodeHeap 'profiled nmethods': size=120000Kb used=9279Kb max_used=9279Kb free=110720Kb
 bounds [0x000001b32bc40000, 0x000001b32c550000, 0x000001b333170000]
CodeHeap 'non-nmethods': size=5696Kb used=1870Kb max_used=2041Kb free=3825Kb
 bounds [0x000001b333170000, 0x000001b3333e0000, 0x000001b333700000]
CodeCache: size=245760Kb, used=14383Kb, max_used=14554Kb, free=231374Kb
 total_blobs=6902, nmethods=6098, adapters=695, full_count=0
Compilation: enabled, stopped_count=0, restarted_count=0

Compilation events (20 events):
Event: 1025.056 Thread 0x000001b34084e410 6108       3       javax.swing.JViewport::getExtentSize (5 bytes)
Event: 1025.057 Thread 0x000001b34084e410 nmethod 6108 0x000001b32c54e008 code [0x000001b32c54e100, 0x000001b32c54e540]
Event: 1026.734 Thread 0x000001b3408437e0 6109       4       sun.swing.DefaultLookup::getColor (28 bytes)
Event: 1026.735 Thread 0x000001b3408437e0 nmethod 6109 0x000001b333a27c08 code [0x000001b333a27d00, 0x000001b333a27dc0]
Event: 1027.665 Thread 0x000001b34084e410 6110       3       Hack.Gates.Gate::doEval (59 bytes)
Event: 1027.666 Thread 0x000001b34084e410 nmethod 6110 0x000001b32c54e588 code [0x000001b32c54e680, 0x000001b32c54ed88]
Event: 1027.667 Thread 0x000001b3408437e0 6111       4       javax.swing.JComponent::setEnabled (29 bytes)
Event: 1027.671 Thread 0x000001b3408437e0 nmethod 6111 0x000001b333a27f08 code [0x000001b333a28000, 0x000001b333a281b8]
Event: 1027.721 Thread 0x000001b3408437e0 6112       4       javax.swing.JTable::isCellSelected (52 bytes)
Event: 1027.726 Thread 0x000001b3408437e0 nmethod 6112 0x000001b333a28208 code [0x000001b333a28300, 0x000001b333a28520]
Event: 1028.606 Thread 0x000001b34084e410 6113       3       Hack.Controller.Script::getCommandAt (12 bytes)
Event: 1028.607 Thread 0x000001b34084e410 nmethod 6113 0x000001b32c54ee08 code [0x000001b32c54ef00, 0x000001b32c54f190]
Event: 1028.608 Thread 0x000001b34084e410 6114       1       Hack.Controller.Command::getTerminator (5 bytes)
Event: 1028.608 Thread 0x000001b34084e410 nmethod 6114 0x000001b333a28588 code [0x000001b333a28680, 0x000001b333a28750]
Event: 1029.542 Thread 0x000001b34084e410 6115   !   3       java.awt.Component::enable (88 bytes)
Event: 1029.543 Thread 0x000001b34084e410 nmethod 6115 0x000001b32c54f208 code [0x000001b32c54f300, 0x000001b32c54fb38]
Event: 1029.545 Thread 0x000001b34084e410 6116       3       com.sun.java.swing.plaf.windows.WindowsMenuItemUI$2::propertyChange (19 bytes)
Event: 1029.545 Thread 0x000001b34084e410 nmethod 6116 0x000001b32c54fb88 code [0x000001b32c54fc80, 0x000001b32c54fe20]
Event: 1030.547 Thread 0x000001b3408437e0 6117   !   4       sun.java2d.SunGraphics2D::drawLine (74 bytes)
Event: 1030.549 Thread 0x000001b3408437e0 nmethod 6117 0x000001b333a28888 code [0x000001b333a28980, 0x000001b333a28b30]

GC Heap Usage History (6 events):
Event: 15.971 {heap Before GC invocations=0 (full 0):
 garbage-first heap   total reserved 2037760K, committed 131072K, used 54421K [0x0000000083a00000, 0x0000000100000000)
  region size 1024K, 47 young (48128K), 0 survivors (0K)
}
Event: 15.992 {heap After GC invocations=1 (full 0):
 garbage-first heap   total reserved 2037760K, committed 131072K, used 14166K [0x0000000083a00000, 0x0000000100000000)
  region size 1024K, 6 young (6144K), 6 survivors (6144K)
}
Event: 272.036 {heap Before GC invocations=1 (full 0):
 garbage-first heap   total reserved 2037760K, committed 131072K, used 73558K [0x0000000083a00000, 0x0000000100000000)
  region size 1024K, 55 young (56320K), 6 survivors (6144K)
}
Event: 272.044 {heap After GC invocations=2 (full 0):
 garbage-first heap   total reserved 2037760K, committed 131072K, used 27145K [0x0000000083a00000, 0x0000000100000000)
  region size 1024K, 3 young (3072K), 3 survivors (3072K)
}
Event: 433.838 {heap Before GC invocations=2 (full 0):
 garbage-first heap   total reserved 2037760K, committed 131072K, used 92681K [0x0000000083a00000, 0x0000000100000000)
  region size 1024K, 60 young (61440K), 3 survivors (3072K)
}
Event: 433.842 {heap After GC invocations=3 (full 0):
 garbage-first heap   total reserved 2037760K, committed 131072K, used 30010K [0x0000000083a00000, 0x0000000100000000)
  region size 1024K, 3 young (3072K), 3 survivors (3072K)
}

Metaspace Usage History (6 events):
Event: 15.971 {metaspace Before GC invocations=0 (full 0):
 Metaspace       used 17267K, committed 17600K, reserved 1114112K
  class space    used 1792K, committed 1920K, reserved 1048576K
}
Event: 15.992 {metaspace After GC invocations=1 (full 0):
 Metaspace       used 17267K, committed 17600K, reserved 1114112K
  class space    used 1792K, committed 1920K, reserved 1048576K
}
Event: 272.036 {metaspace Before GC invocations=1 (full 0):
 Metaspace       used 18361K, committed 18880K, reserved 1114112K
  class space    used 1886K, committed 2112K, reserved 1048576K
}
Event: 272.044 {metaspace After GC invocations=2 (full 0):
 Metaspace       used 18361K, committed 18880K, reserved 1114112K
  class space    used 1886K, committed 2112K, reserved 1048576K
}
Event: 433.838 {metaspace Before GC invocations=2 (full 0):
 Metaspace       used 18698K, committed 19136K, reserved 1114112K
  class space    used 1892K, committed 2112K, reserved 1048576K
}
Event: 433.843 {metaspace After GC invocations=3 (full 0):
 Metaspace       used 18698K, committed 19136K, reserved 1114112K
  class space    used 1892K, committed 2112K, reserved 1048576K
}

Dll operation events (11 events):
Event: 0.027 Loaded shared library C:\Program Files\Java\jdk-25\bin\java.dll
Event: 0.183 Loaded shared library C:\Program Files\Java\jdk-25\bin\verify.dll
Event: 0.193 Loaded shared library C:\Program Files\Java\jdk-25\bin\net.dll
Event: 0.199 Loaded shared library C:\Program Files\Java\jdk-25\bin\nio.dll
Event: 0.217 Loaded shared library C:\Program Files\Java\jdk-25\bin\zip.dll
Event: 0.264 Loaded shared library C:\Program Files\Java\jdk-25\bin\jimage.dll
Event: 0.284 Loaded shared library C:\Program Files\Java\jdk-25\bin\awt.dll
Event: 0.576 Loaded shared library C:\Program Files\Java\jdk-25\bin\freetype.dll
Event: 0.579 Loaded shared library C:\Program Files\Java\jdk-25\bin\fontmanager.dll
Event: 3.282 Loaded shared library C:\Windows\System32\ucrtbase.dll
Event: 3.288 Loaded shared library C:\Program Files\Java\jdk-25\bin\syslookup.dll

Deoptimization events (20 events):
Event: 449.435 Thread 0x000001b3452a50d0 Uncommon trap: trap_request=0xffffffbe fr.pc=0x000001b3339ead88 relative=0x0000000000000de8
Event: 449.435 Thread 0x000001b3452a50d0 Uncommon trap: reason=profile_predicate action=maybe_recompile pc=0x000001b3339ead88 method=java.util.HashMap.putMapEntries(Ljava/util/Map;Z)V @ 117 c2
Event: 449.435 Thread 0x000001b3452a50d0 DEOPT PACKING pc=0x000001b3339ead88 sp=0x000000054b9fe830
Event: 449.435 Thread 0x000001b3452a50d0 DEOPT UNPACKING pc=0x000001b3332a1c02 sp=0x000000054b9fe7e0 mode 2
Event: 449.437 Thread 0x000001b3452a50d0 Uncommon trap: trap_request=0xffffffbe fr.pc=0x000001b3339ead88 relative=0x0000000000000de8
Event: 449.437 Thread 0x000001b3452a50d0 Uncommon trap: reason=profile_predicate action=maybe_recompile pc=0x000001b3339ead88 method=java.util.HashMap.putMapEntries(Ljava/util/Map;Z)V @ 117 c2
Event: 449.437 Thread 0x000001b3452a50d0 DEOPT PACKING pc=0x000001b3339ead88 sp=0x000000054b9fe830
Event: 449.437 Thread 0x000001b3452a50d0 DEOPT UNPACKING pc=0x000001b3332a1c02 sp=0x000000054b9fe7e0 mode 2
Event: 449.539 Thread 0x000001b3452a50d0 Uncommon trap: trap_request=0xffffffbe fr.pc=0x000001b3339c0918 relative=0x0000000000000998
Event: 449.539 Thread 0x000001b3452a50d0 Uncommon trap: reason=profile_predicate action=maybe_recompile pc=0x000001b3339c0918 method=java.util.HashMap.putMapEntries(Ljava/util/Map;Z)V @ 110 c2
Event: 449.539 Thread 0x000001b3452a50d0 DEOPT PACKING pc=0x000001b3339c0918 sp=0x000000054b9fe800
Event: 449.539 Thread 0x000001b3452a50d0 DEOPT UNPACKING pc=0x000001b3332a1c02 sp=0x000000054b9fe7e8 mode 2
Event: 449.574 Thread 0x000001b3452a50d0 Uncommon trap: trap_request=0xffffffbe fr.pc=0x000001b3339c0918 relative=0x0000000000000998
Event: 449.574 Thread 0x000001b3452a50d0 Uncommon trap: reason=profile_predicate action=maybe_recompile pc=0x000001b3339c0918 method=java.util.HashMap.putMapEntries(Ljava/util/Map;Z)V @ 110 c2
Event: 449.574 Thread 0x000001b3452a50d0 DEOPT PACKING pc=0x000001b3339c0918 sp=0x000000054b9fe800
Event: 449.574 Thread 0x000001b3452a50d0 DEOPT UNPACKING pc=0x000001b3332a1c02 sp=0x000000054b9fe7e8 mode 2
Event: 887.512 Thread 0x000001b3455102e0 DEOPT PACKING pc=0x000001b32becb995 sp=0x000000054bcfd580
Event: 887.512 Thread 0x000001b3455102e0 DEOPT UNPACKING pc=0x000001b3331c12a2 sp=0x000000054bcfca48 mode 0
Event: 1020.507 Thread 0x000001b3455102e0 DEOPT PACKING pc=0x000001b32c33da0b sp=0x000000054bcfe200
Event: 1020.507 Thread 0x000001b3455102e0 DEOPT UNPACKING pc=0x000001b3331c12a2 sp=0x000000054bcfd6e0 mode 0

Classes loaded (20 events):
Event: 279.313 Loading class sun/util/locale/provider/BaseLocaleDataMetaInfo
Event: 279.313 Loading class sun/util/locale/provider/BaseLocaleDataMetaInfo done
Event: 279.318 Loading class sun/text/resources/BreakIteratorInfo
Event: 279.321 Loading class sun/text/resources/BreakIteratorInfo done
Event: 279.321 Loading class sun/text/resources/BreakIteratorResources
Event: 279.321 Loading class sun/util/resources/BreakIteratorResourceBundle
Event: 279.322 Loading class sun/util/resources/BreakIteratorResourceBundle done
Event: 279.322 Loading class sun/text/resources/BreakIteratorResources done
Event: 279.323 Loading class sun/text/resources/BreakIteratorResources_en
Event: 279.323 Loading class sun/text/resources/BreakIteratorResources_en done
Event: 279.323 Loading class sun/text/resources/BreakIteratorResources_en_US
Event: 279.323 Loading class sun/text/resources/BreakIteratorResources_en_US done
Event: 279.324 Loading class sun/text/RuleBasedBreakIterator
Event: 279.324 Loading class sun/text/RuleBasedBreakIterator done
Event: 279.325 Loading class sun/text/CompactByteArray
Event: 279.325 Loading class sun/text/CompactByteArray done
Event: 279.326 Loading class sun/text/SupplementaryCharacterData
Event: 279.326 Loading class sun/text/SupplementaryCharacterData done
Event: 279.326 Loading class java/text/BreakIterator$BreakIteratorCache
Event: 279.326 Loading class java/text/BreakIterator$BreakIteratorCache done

Classes unloaded (0 events):
No events

Classes redefined (0 events):
No events

Internal exceptions (20 events):
Event: 381.447 Thread 0x000001b3455102e0 Exception <a 'java/io/FileNotFoundException'{0x000000008945be00}> (0x000000008945be00) 
thrown [s\open\src\hotspot\share\prims\jni.cpp, line 516]
Event: 381.497 Thread 0x000001b3455102e0 Exception <a 'java/io/FileNotFoundException'{0x000000008945c4f0}> (0x000000008945c4f0) 
thrown [s\open\src\hotspot\share\prims\jni.cpp, line 516]
Event: 406.930 Thread 0x000001b3455102e0 Exception <a 'java/io/FileNotFoundException'{0x0000000088aa72b0}> (0x0000000088aa72b0) 
thrown [s\open\src\hotspot\share\prims\jni.cpp, line 516]
Event: 406.980 Thread 0x000001b3455102e0 Exception <a 'java/io/FileNotFoundException'{0x0000000088aa79a0}> (0x0000000088aa79a0) 
thrown [s\open\src\hotspot\share\prims\jni.cpp, line 516]
Event: 430.538 Thread 0x000001b3455102e0 Exception <a 'java/io/FileNotFoundException'{0x000000008817bc80}> (0x000000008817bc80) 
thrown [s\open\src\hotspot\share\prims\jni.cpp, line 516]
Event: 430.589 Thread 0x000001b3455102e0 Exception <a 'java/io/FileNotFoundException'{0x000000008817c370}> (0x000000008817c370) 
thrown [s\open\src\hotspot\share\prims\jni.cpp, line 516]
Event: 438.918 Thread 0x000001b3455102e0 Exception <a 'java/io/FileNotFoundException'{0x000000008b55cd58}> (0x000000008b55cd58) 
thrown [s\open\src\hotspot\share\prims\jni.cpp, line 516]
Event: 438.969 Thread 0x000001b3455102e0 Exception <a 'java/io/FileNotFoundException'{0x000000008b55d448}> (0x000000008b55d448) 
thrown [s\open\src\hotspot\share\prims\jni.cpp, line 516]
Event: 451.724 Thread 0x000001b3455102e0 Exception <a 'java/io/FileNotFoundException'{0x000000008affaec8}> (0x000000008affaec8) 
thrown [s\open\src\hotspot\share\prims\jni.cpp, line 516]
Event: 451.775 Thread 0x000001b3455102e0 Exception <a 'java/io/FileNotFoundException'{0x000000008affb5b8}> (0x000000008affb5b8) 
thrown [s\open\src\hotspot\share\prims\jni.cpp, line 516]
Event: 849.778 Thread 0x000001b3455102e0 Exception <a 'java/io/FileNotFoundException'{0x000000008a3857b0}> (0x000000008a3857b0) 
thrown [s\open\src\hotspot\share\prims\jni.cpp, line 516]
Event: 849.829 Thread 0x000001b3455102e0 Exception <a 'java/io/FileNotFoundException'{0x000000008a385ea0}> (0x000000008a385ea0) 
thrown [s\open\src\hotspot\share\prims\jni.cpp, line 516]
Event: 882.857 Thread 0x000001b3455102e0 Exception <a 'java/io/FileNotFoundException'{0x0000000089e318c8}> (0x0000000089e318c8) 
thrown [s\open\src\hotspot\share\prims\jni.cpp, line 516]
Event: 882.911 Thread 0x000001b3455102e0 Exception <a 'java/io/FileNotFoundException'{0x0000000089e31fb8}> (0x0000000089e31fb8) 
thrown [s\open\src\hotspot\share\prims\jni.cpp, line 516]
Event: 887.526 Thread 0x000001b3455102e0 Exception <a 'java/io/FileNotFoundException'{0x0000000089b360e0}> (0x0000000089b360e0) 
thrown [s\open\src\hotspot\share\prims\jni.cpp, line 516]
Event: 887.577 Thread 0x000001b3455102e0 Exception <a 'java/io/FileNotFoundException'{0x0000000089b367d0}> (0x0000000089b367d0) 
thrown [s\open\src\hotspot\share\prims\jni.cpp, line 516]
Event: 1019.363 Thread 0x000001b3455102e0 Exception <a 'java/io/FileNotFoundException'{0x00000000897a07a8}> (0x00000000897a07a8) 
thrown [s\open\src\hotspot\share\prims\jni.cpp, line 516]
Event: 1019.423 Thread 0x000001b3455102e0 Exception <a 'java/io/FileNotFoundException'{0x00000000897a0e98}> (0x00000000897a0e98) 
thrown [s\open\src\hotspot\share\prims\jni.cpp, line 516]
Event: 1022.689 Thread 0x000001b3455102e0 Exception <a 'java/io/FileNotFoundException'{0x00000000894ca060}> (0x00000000894ca060) 
thrown [s\open\src\hotspot\share\prims\jni.cpp, line 516]
Event: 1022.738 Thread 0x000001b3455102e0 Exception <a 'java/io/FileNotFoundException'{0x00000000894ca750}> (0x00000000894ca750) 
thrown [s\open\src\hotspot\share\prims\jni.cpp, line 516]

VM Operations (20 events):
Event: 771.979 Executing non-safepoint VM operation: HandshakeAllThreads (HandshakeForDeflation)
Event: 771.979 Executing non-safepoint VM operation: HandshakeAllThreads (HandshakeForDeflation) done
Event: 771.979 Executing non-safepoint VM operation: RendezvousGCThreads
Event: 771.979 Executing non-safepoint VM operation: RendezvousGCThreads done
Event: 832.222 Executing non-safepoint VM operation: HandshakeAllThreads (HandshakeForDeflation)
Event: 832.223 Executing non-safepoint VM operation: HandshakeAllThreads (HandshakeForDeflation) done
Event: 832.223 Executing non-safepoint VM operation: RendezvousGCThreads
Event: 832.223 Executing non-safepoint VM operation: RendezvousGCThreads done
Event: 892.380 Executing non-safepoint VM operation: HandshakeAllThreads (HandshakeForDeflation)
Event: 892.380 Executing non-safepoint VM operation: HandshakeAllThreads (HandshakeForDeflation) done
Event: 892.380 Executing non-safepoint VM operation: RendezvousGCThreads
Event: 892.380 Executing non-safepoint VM operation: RendezvousGCThreads done
Event: 1072.695 Executing non-safepoint VM operation: HandshakeAllThreads (HandshakeForDeflation)
Event: 1072.695 Executing non-safepoint VM operation: HandshakeAllThreads (HandshakeForDeflation) done
Event: 1072.696 Executing non-safepoint VM operation: RendezvousGCThreads
Event: 1072.696 Executing non-safepoint VM operation: RendezvousGCThreads done
Event: 2816.297 Executing non-safepoint VM operation: HandshakeAllThreads (HandshakeForDeflation)
Event: 2816.303 Executing non-safepoint VM operation: HandshakeAllThreads (HandshakeForDeflation) done
Event: 2816.303 Executing non-safepoint VM operation: RendezvousGCThreads
Event: 2816.303 Executing non-safepoint VM operation: RendezvousGCThreads done

Memory protections (0 events):
No events

Nmethod flushes (0 events):
No events

Events (20 events):
Event: 890.498 Thread 0x000001b3455102e0 Thread added: 0x000001b34084aaa0
Event: 890.511 Thread 0x000001b34084aaa0 Thread exited: 0x000001b34084aaa0
Event: 1016.463 Thread 0x000001b3455102e0 Thread added: 0x000001b34084c210
Event: 1016.478 Thread 0x000001b34084c210 Thread exited: 0x000001b34084c210
Event: 1019.537 Thread 0x000001b3455102e0 Thread added: 0x000001b34084aaa0
Event: 1019.552 Thread 0x000001b34084aaa0 Thread exited: 0x000001b34084aaa0
Event: 1020.445 Thread 0x000001b3455102e0 Thread added: 0x000001b34084aaa0
Event: 1020.471 Thread 0x000001b34084aaa0 Thread exited: 0x000001b34084aaa0
Event: 1024.839 Thread 0x000001b3455102e0 Thread added: 0x000001b34084c210
Event: 1025.056 Thread 0x000001b34084c210 Thread exited: 0x000001b34084c210
Event: 1025.779 Thread 0x000001b3455102e0 Thread added: 0x000001b34084d980
Event: 1025.832 Thread 0x000001b34084d980 Thread exited: 0x000001b34084d980
Event: 1026.720 Thread 0x000001b3455102e0 Thread added: 0x000001b34084d980
Event: 1026.776 Thread 0x000001b34084d980 Thread exited: 0x000001b34084d980
Event: 1027.660 Thread 0x000001b3455102e0 Thread added: 0x000001b34084c210
Event: 1027.717 Thread 0x000001b34084c210 Thread exited: 0x000001b34084c210
Event: 1028.601 Thread 0x000001b3455102e0 Thread added: 0x000001b34084c210
Event: 1028.660 Thread 0x000001b34084c210 Thread exited: 0x000001b34084c210
Event: 1029.541 Thread 0x000001b3455102e0 Thread added: 0x000001b34084aaa0
Event: 1029.546 Thread 0x000001b34084aaa0 Thread exited: 0x000001b34084aaa0


Dynamic libraries:
0x00007ff7f1e20000 - 0x00007ff7f1e30000 	C:\Program Files\Java\jdk-25\bin\javaw.exe
0x00007fffc6de0000 - 0x00007fffc7047000 	C:\WINDOWS\SYSTEM32\ntdll.dll
0x00007fffc6bc0000 - 0x00007fffc6c89000 	C:\WINDOWS\System32\KERNEL32.DLL
0x00007fffc3fa0000 - 0x00007fffc4390000 	C:\WINDOWS\System32\KERNELBASE.dll
0x00007fffc4840000 - 0x00007fffc498b000 	C:\WINDOWS\System32\ucrtbase.dll
0x00007fffac9f0000 - 0x00007fffaca07000 	C:\Program Files\Java\jdk-25\bin\jli.dll
0x00007fffac740000 - 0x00007fffac75e000 	C:\Program Files\Java\jdk-25\bin\VCRUNTIME140.dll
0x00007fffc4b70000 - 0x00007fffc4d35000 	C:\WINDOWS\System32\USER32.dll
0x00007fffc4520000 - 0x00007fffc4547000 	C:\WINDOWS\System32\win32u.dll
0x00007fffae8a0000 - 0x00007fffaeb3a000 	C:\WINDOWS\WinSxS\amd64_microsoft.windows.common-controls_6595b64144ccf1df_6.0.26100.4768_none_3e0c112ce331287c\COMCTL32.dll
0x00007fffc5800000 - 0x00007fffc582b000 	C:\WINDOWS\System32\GDI32.dll
0x00007fffc4990000 - 0x00007fffc4ac8000 	C:\WINDOWS\System32\gdi32full.dll
0x00007fffc6870000 - 0x00007fffc6919000 	C:\WINDOWS\System32\msvcrt.dll
0x00007fffc4790000 - 0x00007fffc4833000 	C:\WINDOWS\System32\msvcp_win.dll
0x00007fffc67a0000 - 0x00007fffc67cf000 	C:\WINDOWS\System32\IMM32.DLL
0x00007fffb6f90000 - 0x00007fffb6f9c000 	C:\Program Files\Java\jdk-25\bin\vcruntime140_1.dll
0x00007fff96c50000 - 0x00007fff96cdd000 	C:\Program Files\Java\jdk-25\bin\msvcp140.dll
0x00007fff4ffd0000 - 0x00007fff50e2f000 	C:\Program Files\Java\jdk-25\bin\server\jvm.dll
0x00007fffc6a10000 - 0x00007fffc6ac4000 	C:\WINDOWS\System32\ADVAPI32.dll
0x00007fffc5680000 - 0x00007fffc5726000 	C:\WINDOWS\System32\sechost.dll
0x00007fffc4d40000 - 0x00007fffc4e58000 	C:\WINDOWS\System32\RPCRT4.dll
0x00007fffc6620000 - 0x00007fffc6694000 	C:\WINDOWS\System32\WS2_32.dll
0x00007fffc3d70000 - 0x00007fffc3dce000 	C:\WINDOWS\SYSTEM32\POWRPROF.dll
0x00007fffaeb40000 - 0x00007fffaeb75000 	C:\WINDOWS\SYSTEM32\WINMM.dll
0x00007fffb7770000 - 0x00007fffb777b000 	C:\WINDOWS\SYSTEM32\VERSION.dll
0x00007fffc3d50000 - 0x00007fffc3d64000 	C:\WINDOWS\SYSTEM32\UMPDC.dll
0x00007fffc2c90000 - 0x00007fffc2cab000 	C:\WINDOWS\SYSTEM32\kernel.appcore.dll
0x00007fffb02c0000 - 0x00007fffb02ca000 	C:\Program Files\Java\jdk-25\bin\jimage.dll
0x00007fffc1560000 - 0x00007fffc17a1000 	C:\WINDOWS\SYSTEM32\DBGHELP.DLL
0x00007fffc4e60000 - 0x00007fffc51e5000 	C:\WINDOWS\System32\combase.dll
0x00007fffc5830000 - 0x00007fffc5910000 	C:\WINDOWS\System32\OLEAUT32.dll
0x00007fffad400000 - 0x00007fffad443000 	C:\WINDOWS\SYSTEM32\dbgcore.DLL
0x00007fffc4ad0000 - 0x00007fffc4b69000 	C:\WINDOWS\System32\bcryptPrimitives.dll
0x00007fffac720000 - 0x00007fffac73f000 	C:\Program Files\Java\jdk-25\bin\java.dll
0x00007fffc6470000 - 0x00007fffc6610000 	C:\WINDOWS\System32\ole32.dll
0x00007fffc5d20000 - 0x00007fffc646d000 	C:\WINDOWS\System32\SHELL32.dll
0x00007fffc43a0000 - 0x00007fffc4513000 	C:\WINDOWS\System32\wintypes.dll
0x00007fffc1b10000 - 0x00007fffc2370000 	C:\WINDOWS\SYSTEM32\windows.storage.dll
0x00007fffc66a0000 - 0x00007fffc6795000 	C:\WINDOWS\System32\SHCORE.dll
0x00007fffc6b50000 - 0x00007fffc6bba000 	C:\WINDOWS\System32\shlwapi.dll
0x00007fffc3e30000 - 0x00007fffc3e59000 	C:\WINDOWS\SYSTEM32\profapi.dll
0x00007fffac400000 - 0x00007fffac410000 	C:\Program Files\Java\jdk-25\bin\verify.dll
0x00007fffac3e0000 - 0x00007fffac3f2000 	C:\Program Files\Java\jdk-25\bin\net.dll
0x00007fffc3220000 - 0x00007fffc328b000 	C:\WINDOWS\system32\mswsock.dll
0x00007fffabd80000 - 0x00007fffabd96000 	C:\Program Files\Java\jdk-25\bin\nio.dll
0x00007fff96c30000 - 0x00007fff96c47000 	C:\Program Files\Java\jdk-25\bin\zip.dll
0x00007fff96330000 - 0x00007fff964b4000 	C:\Program Files\Java\jdk-25\bin\awt.dll
0x00007fffc0a70000 - 0x00007fffc0b0e000 	C:\WINDOWS\SYSTEM32\apphelp.dll
0x00007fffc0c70000 - 0x00007fffc0d1f000 	C:\WINDOWS\system32\uxtheme.dll
0x00007fffc5bb0000 - 0x00007fffc5d11000 	C:\WINDOWS\System32\MSCTF.dll
0x00007fffc0f10000 - 0x00007fffc0f45000 	C:\WINDOWS\system32\DWMAPI.DLL
0x00007fff96ba0000 - 0x00007fff96c27000 	C:\Program Files\Java\jdk-25\bin\freetype.dll
0x00007fff958f0000 - 0x00007fff959de000 	C:\Program Files\Java\jdk-25\bin\fontmanager.dll
0x00007fff9ba00000 - 0x00007fff9bb18000 	C:\WINDOWS\system32\opengl32.dll
0x00007fff9c6a0000 - 0x00007fff9c6cd000 	C:\WINDOWS\SYSTEM32\GLU32.dll
0x00007fffc0f80000 - 0x00007fffc0fcd000 	C:\WINDOWS\SYSTEM32\dxcore.dll
0x00007fff895c0000 - 0x00007fff89674000 	C:\WINDOWS\WinSxS\amd64_microsoft.windows.common-controls_6595b64144ccf1df_5.82.26100.4484_none_87ef4f277a2c8b1a\comctl32.dll
0x00007fffc3a90000 - 0x00007fffc3ae7000 	C:\WINDOWS\SYSTEM32\CFGMGR32.dll
0x00007fffc6950000 - 0x00007fffc69f8000 	C:\WINDOWS\System32\clbcatq.dll
0x00007fffbe9c0000 - 0x00007fffbeacd000 	C:\WINDOWS\system32\propsys.dll
0x00007fffa0430000 - 0x00007fffa04f2000 	C:\Windows\System32\Windows.FileExplorer.Common.dll
0x00007fff97030000 - 0x00007fff9704b000 	C:\WINDOWS\system32\NetworkExplorer.dll
0x00007fff9e890000 - 0x00007fff9e9cb000 	C:\WINDOWS\system32\Windows.Storage.Search.dll
0x00007fffad270000 - 0x00007fffad3f1000 	C:\Windows\System32\Windows.System.Launcher.dll
0x00007fffb0540000 - 0x00007fffb055a000 	C:\WINDOWS\SYSTEM32\windows.staterepositorycore.dll
0x00007fffa6360000 - 0x00007fffa6426000 	C:\WINDOWS\System32\StructuredQuery.dll
0x00007fffa60b0000 - 0x00007fffa634e000 	C:\WINDOWS\System32\icu.dll
0x00007fffbf410000 - 0x00007fffbf4c4000 	C:\WINDOWS\SYSTEM32\policymanager.dll
0x00007fffbeec0000 - 0x00007fffbef51000 	C:\WINDOWS\SYSTEM32\msvcp110_win.dll
0x00007fffa5f90000 - 0x00007fffa60a0000 	C:\Windows\System32\SystemSettings.DataModel.dll
0x00007fffc2440000 - 0x00007fffc246d000 	C:\WINDOWS\SYSTEM32\slc.dll
0x00007fffc32c0000 - 0x00007fffc32eb000 	C:\WINDOWS\SYSTEM32\USERENV.dll
0x00007fffc2f40000 - 0x00007fffc2f89000 	C:\WINDOWS\SYSTEM32\SspiCli.dll
0x00007fffae190000 - 0x00007fffae24d000 	C:\Windows\System32\OneCoreCommonProxyStub.dll
0x00007fffb5940000 - 0x00007fffb5f84000 	C:\Windows\System32\OneCoreUAPCommonProxyStub.dll
0x00007fffad450000 - 0x00007fffad514000 	C:\Windows\System32\Windows.StateRepositoryPS.dll
0x00007fffa15d0000 - 0x00007fffa1620000 	C:\WINDOWS\SYSTEM32\windows.staterepositoryclient.dll
0x00007fffa0030000 - 0x00007fffa005f000 	C:\Windows\System32\cldapi.dll
0x00007fffac870000 - 0x00007fffac899000 	C:\WINDOWS\SYSTEM32\edputil.dll
0x00007fffad830000 - 0x00007fffad8cb000 	C:\Windows\System32\Windows.Web.dll
0x00007fffbec70000 - 0x00007fffbeeaf000 	C:\WINDOWS\SYSTEM32\WindowsCodecs.dll
0x00007fff8e0f0000 - 0x00007fff8e15f000 	C:\Windows\System32\thumbcache.dll
0x00007fffb2dc0000 - 0x00007fffb2fa5000 	C:\Windows\System32\urlmon.dll
0x00007fffb2af0000 - 0x00007fffb2dba000 	C:\Windows\System32\iertutil.dll
0x00007fffb4e60000 - 0x00007fffb4e89000 	C:\Windows\System32\srvcli.dll
0x00007fffc2600000 - 0x00007fffc260d000 	C:\Windows\System32\netutils.dll
0x00007fff9a190000 - 0x00007fff9a1df000 	C:\Windows\System32\vaultcli.dll
0x00007fffa47a0000 - 0x00007fffa47c1000 	C:\WINDOWS\SYSTEM32\MPR.dll
0x00007fff96b70000 - 0x00007fff96b92000 	C:\WINDOWS\System32\p9np.dll
0x00007fffac3d0000 - 0x00007fffac3dd000 	C:\WINDOWS\System32\drprov.dll
0x00007fff96b50000 - 0x00007fff96b6d000 	C:\WINDOWS\System32\ntlanman.dll
0x00007fff96a80000 - 0x00007fff96aa1000 	C:\WINDOWS\System32\davclnt.dll
0x00007fffc3c10000 - 0x00007fffc3c7a000 	C:\WINDOWS\System32\WINSTA.dll
0x00007fffb6a40000 - 0x00007fffb6a5b000 	C:\WINDOWS\System32\wkscli.dll
0x00007fffa03e0000 - 0x00007fffa03f3000 	C:\WINDOWS\SYSTEM32\cscapi.dll
0x00007fffae3c0000 - 0x00007fffae41a000 	C:\Windows\System32\dlnashext.dll
0x00007fff96a20000 - 0x00007fff96a7c000 	C:\Windows\System32\PlayToDevice.dll
0x00007fffa3480000 - 0x00007fffa34a2000 	C:\Windows\System32\DevDispItemProvider.dll
0x00007fffb6a60000 - 0x00007fffb6b02000 	C:\WINDOWS\System32\MMDevApi.dll
0x00007fffc3a60000 - 0x00007fffc3a8d000 	C:\WINDOWS\System32\DEVOBJ.dll
0x00007fff961e0000 - 0x00007fff9628b000 	C:\WINDOWS\system32\wpdshext.dll
0x00007fff3ada0000 - 0x00007fff3af7f000 	C:\WINDOWS\WinSxS\amd64_microsoft.windows.gdiplus_6595b64144ccf1df_1.1.26100.4946_none_6ef530c63dc53cfc\gdiplus.dll
0x00007fffb6510000 - 0x00007fffb65ae000 	C:\Windows\System32\PortableDeviceApi.dll
0x00007fffc51f0000 - 0x00007fffc5676000 	C:\WINDOWS\System32\SETUPAPI.dll
0x00007fffc3f10000 - 0x00007fffc3f94000 	C:\WINDOWS\System32\WINTRUST.dll
0x00007fffc4610000 - 0x00007fffc4787000 	C:\WINDOWS\System32\CRYPT32.dll
0x00007fffc3550000 - 0x00007fffc3563000 	C:\WINDOWS\SYSTEM32\MSASN1.dll
0x00007fffa9490000 - 0x00007fffa94c8000 	C:\Windows\System32\EhStorShell.dll
0x00007fff969f0000 - 0x00007fff96a15000 	C:\Windows\System32\EhStorAPI.dll
0x00007fffc0b30000 - 0x00007fffc0b46000 	C:\Windows\System32\WTSAPI32.dll
0x00007fff8f070000 - 0x00007fff8f07f000 	C:\WINDOWS\SYSTEM32\LINKINFO.dll
0x00007fffc0b20000 - 0x00007fffc0b2d000 	C:\WINDOWS\SYSTEM32\Secur32.dll
0x00007fffc26a0000 - 0x00007fffc26bb000 	C:\WINDOWS\SYSTEM32\samcli.dll
0x00007fffc26c0000 - 0x00007fffc26eb000 	C:\WINDOWS\SYSTEM32\SAMLIB.dll
0x00007fffb0fd0000 - 0x00007fffb1121000 	C:\WINDOWS\SYSTEM32\textinputframework.dll
0x00007fffc06d0000 - 0x00007fffc07f5000 	C:\WINDOWS\SYSTEM32\CoreMessaging.dll
0x00007fffbcbd0000 - 0x00007fffbceb3000 	C:\WINDOWS\SYSTEM32\CoreUIComponents.dll
0x00007fffc34e0000 - 0x00007fffc34ec000 	C:\WINDOWS\SYSTEM32\CRYPTBASE.DLL
0x00007fff97a10000 - 0x00007fff97a6a000 	C:\WINDOWS\system32\dataexchange.dll
0x00007fffb5f90000 - 0x00007fffb61c8000 	C:\WINDOWS\system32\twinapi.appcore.dll
0x00007fffbca20000 - 0x00007fffbca29000 	C:\Program Files\Java\jdk-25\bin\syslookup.dll
0x00007fffb44a0000 - 0x00007fffb45bf000 	C:\Windows\System32\MrmCoreR.dll
0x00007fff99cf0000 - 0x00007fff99d76000 	C:\WINDOWS\system32\Ninput.dll
0x00007fff8a3b0000 - 0x00007fff8a642000 	C:\Program Files\Microsoft OneDrive\25.189.0928.0002\FileSyncShell64.dll
0x00007fffc3e00000 - 0x00007fffc3e26000 	C:\WINDOWS\SYSTEM32\bcrypt.dll
0x00007fffa59b0000 - 0x00007fffa5c39000 	C:\WINDOWS\SYSTEM32\WININET.dll
0x00007fffaa670000 - 0x00007fffaa6dd000 	C:\WINDOWS\SYSTEM32\mscoree.dll
0x00007fffa9370000 - 0x00007fffa940b000 	C:\Windows\Microsoft.NET\Framework64\v4.0.30319\mscoreei.dll

JVMTI agents: none

dbghelp: loaded successfully - version: 4.0.5 - missing functions: none
symbol engine: initialized successfully - sym options: 0x614 - pdb path: .;C:\Program Files\Java\jdk-25\bin;C:\WINDOWS\SYSTEM32;C:\WINDOWS\WinSxS\amd64_microsoft.windows.common-controls_6595b64144ccf1df_6.0.26100.4768_none_3e0c112ce331287c;C:\Program Files\Java\jdk-25\bin\server;C:\WINDOWS\WinSxS\amd64_microsoft.windows.common-controls_6595b64144ccf1df_5.82.26100.4484_none_87ef4f277a2c8b1a;C:\WINDOWS\WinSxS\amd64_microsoft.windows.gdiplus_6595b64144ccf1df_1.1.26100.4946_none_6ef530c63dc53cfc;C:\Program Files\Microsoft OneDrive\25.189.0928.0002;C:\Windows\Microsoft.NET\Framework64\v4.0.30319;C:\WINDOWS\assembly\NativeImages_v4.0.30319_64\mscorlib\8967064a93c70884749ad00de74dd7a1;C:\WINDOWS\assembly\NativeImages_v4.0.30319_64\System\22f4d83e48c2201947e262d4bca638b9;C:\WINDOWS\assembly\NativeImages_v4.0.30319_64\System.Drawing\5821108419fb5a77cec19ab38b18df8d;C:\WINDOWS\System32\DriverStore\FileRepository\iastorpinningcomponent.inf_amd64_d51acc8493d6b911;C:\WINDOWS\assembly\NativeImages_v4.0.30319_64\System.Core\f61ee525f58db9cd7a10cfcd4d09d809

VM Arguments:
java_command: HardwareSimulatorMain
java_class_path (initial): ;.;bin/classes;bin/lib/Hack.jar;bin/lib/HackGUI.jar;bin/lib/Simulators.jar;bin/lib/SimulatorsGUI.jar;bin/lib/Compilers.jar
Launcher Type: SUN_STANDARD

[Global flags]
     intx CICompilerCount                          = 4                                         {product} {ergonomic}
     uint ConcGCThreads                            = 2                                         {product} {ergonomic}
     uint G1ConcRefinementThreads                  = 8                                         {product} {ergonomic}
   size_t G1HeapRegionSize                         = 1048576                                   {product} {ergonomic}
   size_t InitialHeapSize                          = 132120576                                 {product} {ergonomic}
   size_t MarkStackSize                            = 4194304                                   {product} {ergonomic}
   size_t MarkStackSizeMax                         = 536870912                                 {product} {ergonomic}
   size_t MaxHeapSize                              = 2086666240                                {product} {ergonomic}
   size_t MaxNewSize                               = 1251999744                                {product} {ergonomic}
   size_t MinHeapDeltaBytes                        = 1048576                                   {product} {ergonomic}
   size_t MinHeapSize                              = 8388608                                   {product} {ergonomic}
    uintx NonNMethodCodeHeapSize                   = 5832704                                {pd product} {ergonomic}
    uintx NonProfiledCodeHeapSize                  = 122945536                              {pd product} {ergonomic}
    uintx ProfiledCodeHeapSize                     = 122880000                              {pd product} {ergonomic}
    uintx ReservedCodeCacheSize                    = 251658240                              {pd product} {ergonomic}
     bool SegmentedCodeCache                       = true                                      {product} {ergonomic}
   size_t SoftMaxHeapSize                          = 2086666240                             {manageable} {ergonomic}
     bool UseCompressedOops                        = true                           {product lp64_product} {ergonomic}
     bool UseG1GC                                  = true                                      {product} {ergonomic}
     bool UseLargePagesIndividualAllocation        = false                                  {pd product} {ergonomic}

Logging:
Log output configuration:
 #0: stdout all=warning uptime,level,tags foldmultilines=false
 #1: stderr all=off uptime,level,tags foldmultilines=false

Release file:
IMPLEMENTOR="Oracle Corporation" 
JAVA_RUNTIME_VERSION="25.0.1+8-LTS-27" 
JAVA_VERSION="25.0.1" 
JAVA_VERSION_DATE="2025-10-21" 
LIBC="default" 
MODULES="java.base java.compiler java.datatransfer java.xml java.prefs java.desktop java.instrument java.logging java.management java.security.sasl java.naming java.rmi java.management.rmi java.net.http java.scripting java.security.jgss java.transaction.xa java.sql java.sql.rowset java.xml.crypto java.se java.smartcardio jdk.accessibility jdk.internal.jvmstat jdk.attach jdk.charsets jdk.internal.opt jdk.zipfs jdk.compiler jdk.crypto.cryptoki jdk.crypto.ec jdk.crypto.mscapi jdk.dynalink jdk.internal.ed jdk.editpad jdk.internal.vm.ci jdk.graal.compiler jdk.graal.compiler.management jdk.hotspot.agent jdk.httpserver jdk.incubator.vector jdk.internal.le jdk.internal.md jdk.jartool jdk.javadoc jdk.jcmd jdk.management jdk.management.agent jdk.jconsole jdk.jdeps jdk.jdwp.agent jdk.jdi jdk.jfr jdk.jlink jdk.jpackage jdk.jshell jdk.jsobject jdk.jstatd jdk.localedata jdk.management.jfr jdk.naming.dns jdk.naming.rmi jdk.net jdk.nio.mapmode jdk.sctp jdk.security.auth jdk.security.jgss jdk.unsupported jdk.unsupported.desktop jdk.xml.dom" 
OS_ARCH="x86_64" 
OS_NAME="Windows" 
SOURCE=".:git:862c85bc42b7 open:git:78770bfaefd2" 

Environment Variables:
PATH=C:\Program Files\Common Files\Oracle\Java\javapath;C:\WINDOWS\system32;C:\WINDOWS;C:\WINDOWS\System32\Wbem;C:\WINDOWS\System32\WindowsPowerShell\v1.0\;C:\WINDOWS\System32\OpenSSH\;C:\Program Files\dotnet\;C:\Program Files\Git\cmd;C:\Program Files (x86)\Windows Kits\10\Windows Performance Toolkit\;C:\Program Files\Java\jdk-25\bin;C:\Users\OrAtias\AppData\Local\Programs\Python\Python313\Scripts\;C:\Users\OrAtias\AppData\Local\Programs\Python\Python313\;C:\Users\ \AppData\Local\Programs\Python\Python312\Scripts\;C:\Users\ \AppData\Local\Programs\Python\Python312\;C:\Users\OrAtias\AppData\Local\Microsoft\WindowsApps;C:\Users\OrAtias\AppData\Local\GitHubDesktop\bin;C:\Program Files\JetBrains\PyCharm 2024.3.1.1\bin;;C:\msys64\ucrt64\bin;C:\Users\OrAtias\AppData\Local\Programs\Microsoft VS Code\bin
USERNAME=OrAtias
OS=Windows_NT
PROCESSOR_IDENTIFIER=Intel64 Family 6 Model 126 Stepping 5, GenuineIntel
TMP=C:\Users\OrAtias\AppData\Local\Temp
TEMP=C:\Users\OrAtias\AppData\Local\Temp




Compilation memory statistics disabled.

Periodic native trim disabled

---------------  S Y S T E M  ---------------

OS:
 Windows 11 , 64 bit Build 26100 (10.0.26100.4768)
OS uptime: 0 days 6:22 hours

CPU: total 8 (initial active 8) (4 cores per cpu, 2 threads per core) family 6 model 126 stepping 5 microcode 0xca, cx8, cmov, fxsr, ht, mmx, 3dnowpref, sse, sse2, sse3, ssse3, sse4.1, sse4.2, popcnt, lzcnt, tsc, tscinvbit, avx, avx2, aes, erms, clmul, bmi1, bmi2, adx, avx512f, avx512dq, avx512cd, avx512bw, avx512vl, sha, fma, vzeroupper, avx512_vpopcntdq, avx512_vpclmulqdq, avx512_vaes, avx512_vnni, clflush, clflushopt, avx512_vbmi2, avx512_vbmi, rdtscp, rdpid, fsrm, gfni, avx512_bitalg, f16c, pku, avx512_ifma
Processor Information for the first 8 processors :
  Max Mhz: 1190, Current Mhz: 991, Mhz Limit: 987

Memory: 4k page, system-wide physical 7955M (1664M free)
TotalPageFile size 17171M (AvailPageFile size 8369M)
current process WorkingSet (physical memory assigned to process): 34M, peak: 282M
current process commit charge ("private bytes"): 302M, peak: 336M

vm_info: Java HotSpot(TM) 64-Bit Server VM (25.0.1+8-LTS-27) for windows-amd64 JRE (25.0.1+8-LTS-27), built on 2025-09-25T16:41:16Z with unknown MS VC++:1943

END.
